{"contracts/diamond/Diamond.sol":{"l":{"14":39,"17":39,"18":39,"19":39,"20":39,"25":39,"31":382,"32":382,"34":382,"38":382,"39":382,"41":382},"path":"/home/mayank/Desktop/orkade /contracts/diamond/Diamond.sol","s":{"1":39,"2":39,"3":39,"4":39,"5":382,"6":382,"7":382,"8":382},"b":{"1":[382,0]},"f":{"1":39,"2":382},"fnMap":{"1":{"name":"constructor","line":13,"loc":{"start":{"line":13,"column":4},"end":{"line":26,"column":4}}},"2":{"name":null,"line":30,"loc":{"start":{"line":30,"column":4},"end":{"line":57,"column":4}}}},"statementMap":{"1":{"start":{"line":14,"column":8},"end":{"line":14,"column":50}},"2":{"start":{"line":17,"column":8},"end":{"line":17,"column":73}},"3":{"start":{"line":18,"column":8},"end":{"line":18,"column":59}},"4":{"start":{"line":25,"column":8},"end":{"line":25,"column":49}},"5":{"start":{"line":31,"column":8},"end":{"line":31,"column":44}},"6":{"start":{"line":32,"column":8},"end":{"line":32,"column":62}},"7":{"start":{"line":38,"column":8},"end":{"line":38,"column":75}},"8":{"start":{"line":39,"column":8},"end":{"line":39,"column":71}}},"branchMap":{"1":{"line":39,"type":"if","locations":[{"start":{"line":39,"column":8},"end":{"line":39,"column":8}},{"start":{"line":39,"column":8},"end":{"line":39,"column":8}}]}}},"contracts/diamond/facets/DiamondCutFacet.sol":{"l":{"24":14,"25":14},"path":"/home/mayank/Desktop/orkade /contracts/diamond/facets/DiamondCutFacet.sol","s":{"1":14,"2":14},"b":{},"f":{"1":14},"fnMap":{"1":{"name":"diamondCut","line":19,"loc":{"start":{"line":19,"column":4},"end":{"line":26,"column":4}}}},"statementMap":{"1":{"start":{"line":24,"column":8},"end":{"line":24,"column":42}},"2":{"start":{"line":25,"column":8},"end":{"line":25,"column":59}}},"branchMap":{}},"contracts/diamond/facets/DiamondLoupeFacet.sol":{"l":{"25":0,"26":0,"27":0,"28":0,"29":0,"30":0,"31":0,"39":0,"40":0,"46":0,"47":0,"55":0,"56":0,"61":0,"62":0},"path":"/home/mayank/Desktop/orkade /contracts/diamond/facets/DiamondLoupeFacet.sol","s":{"1":0,"2":0,"3":0,"4":0,"5":0,"6":0,"7":0,"8":0,"9":0},"b":{},"f":{"1":0,"2":0,"3":0,"4":0,"5":0},"fnMap":{"1":{"name":"facets","line":24,"loc":{"start":{"line":24,"column":4},"end":{"line":33,"column":4}}},"2":{"name":"facetFunctionSelectors","line":38,"loc":{"start":{"line":38,"column":4},"end":{"line":41,"column":4}}},"3":{"name":"facetAddresses","line":45,"loc":{"start":{"line":45,"column":4},"end":{"line":48,"column":4}}},"4":{"name":"facetAddress","line":54,"loc":{"start":{"line":54,"column":4},"end":{"line":57,"column":4}}},"5":{"name":"supportsInterface","line":60,"loc":{"start":{"line":60,"column":4},"end":{"line":63,"column":4}}}},"statementMap":{"1":{"start":{"line":25,"column":8},"end":{"line":25,"column":74}},"2":{"start":{"line":26,"column":8},"end":{"line":26,"column":52}},"3":{"start":{"line":28,"column":8},"end":{"line":28,"column":1055}},"4":{"start":{"line":29,"column":12},"end":{"line":29,"column":56}},"5":{"start":{"line":39,"column":8},"end":{"line":39,"column":74}},"6":{"start":{"line":46,"column":8},"end":{"line":46,"column":74}},"7":{"start":{"line":55,"column":8},"end":{"line":55,"column":74}},"8":{"start":{"line":61,"column":8},"end":{"line":61,"column":74}},"9":{"start":{"line":62,"column":8},"end":{"line":62,"column":51}}},"branchMap":{}},"contracts/diamond/facets/OwnershipFacet.sol":{"l":{"9":0,"10":0,"14":0},"path":"/home/mayank/Desktop/orkade /contracts/diamond/facets/OwnershipFacet.sol","s":{"1":0,"2":0},"b":{},"f":{"1":0,"2":0},"fnMap":{"1":{"name":"transferOwnership","line":8,"loc":{"start":{"line":8,"column":4},"end":{"line":11,"column":4}}},"2":{"name":"owner","line":13,"loc":{"start":{"line":13,"column":4},"end":{"line":15,"column":4}}}},"statementMap":{"1":{"start":{"line":9,"column":8},"end":{"line":9,"column":42}},"2":{"start":{"line":10,"column":8},"end":{"line":10,"column":45}}},"branchMap":{}},"contracts/diamond/interfaces/IDiamondCut.sol":{"l":{},"path":"/home/mayank/Desktop/orkade /contracts/diamond/interfaces/IDiamondCut.sol","s":{},"b":{},"f":{},"fnMap":{},"statementMap":{},"branchMap":{}},"contracts/diamond/interfaces/IDiamondLoupe.sol":{"l":{},"path":"/home/mayank/Desktop/orkade /contracts/diamond/interfaces/IDiamondLoupe.sol","s":{},"b":{},"f":{},"fnMap":{},"statementMap":{},"branchMap":{}},"contracts/diamond/interfaces/IERC165.sol":{"l":{},"path":"/home/mayank/Desktop/orkade /contracts/diamond/interfaces/IERC165.sol","s":{},"b":{},"f":{},"fnMap":{},"statementMap":{},"branchMap":{}},"contracts/diamond/interfaces/IERC173.sol":{"l":{},"path":"/home/mayank/Desktop/orkade /contracts/diamond/interfaces/IERC173.sol","s":{},"b":{},"f":{},"fnMap":{},"statementMap":{},"branchMap":{}},"contracts/diamond/libraries/LibDiamond.sol":{"l":{"41":198,"42":198,"50":39,"51":39,"52":39,"53":39,"57":0,"61":14,"72":53,"73":131,"74":131,"75":131,"77":0,"79":0,"81":0,"84":53,"85":53,"89":131,"90":131,"91":131,"92":131,"94":131,"95":131,"97":131,"98":990,"99":990,"100":990,"101":990,"102":990,"107":0,"108":0,"109":0,"110":0,"112":0,"113":0,"115":0,"116":0,"117":0,"118":0,"119":0,"120":0,"121":0,"126":0,"127":0,"129":0,"130":0,"131":0,"132":0,"133":0,"138":131,"139":131,"140":131,"145":990,"146":990,"147":990,"151":0,"153":0,"155":0,"156":0,"158":0,"159":0,"160":0,"161":0,"164":0,"165":0,"168":0,"170":0,"171":0,"172":0,"173":0,"174":0,"175":0,"177":0,"178":0,"183":53,"184":39,"186":14,"187":14,"188":14,"189":0,"192":0,"197":0,"203":145,"204":145,"207":145},"path":"/home/mayank/Desktop/orkade /contracts/diamond/libraries/LibDiamond.sol","s":{"1":198,"2":39,"3":39,"4":39,"5":14,"6":53,"7":131,"8":131,"9":131,"10":0,"11":0,"12":0,"13":0,"14":0,"15":53,"16":53,"17":131,"18":131,"19":131,"20":131,"21":131,"22":131,"23":131,"24":990,"25":990,"26":990,"27":990,"28":0,"29":0,"30":0,"31":0,"32":0,"33":0,"34":0,"35":0,"36":0,"37":0,"38":0,"39":0,"40":0,"41":0,"42":0,"43":0,"44":0,"45":0,"46":0,"47":131,"48":131,"49":990,"50":0,"51":0,"52":0,"53":0,"54":0,"55":0,"56":0,"57":0,"58":0,"59":0,"60":0,"61":0,"62":0,"63":53,"64":39,"65":14,"66":14,"67":14,"68":0,"69":145,"70":145},"b":{"1":[14,0],"2":[131,0],"3":[0,0],"4":[0,0],"5":[131,0],"6":[131,0],"7":[131,0],"8":[990,0],"9":[0,0],"10":[0,0],"11":[0,0],"12":[0,0],"13":[0,0],"14":[0,0],"15":[0,0],"16":[0,0],"17":[0,0],"18":[0,0],"19":[0,0],"20":[39,14],"21":[0,14],"22":[0,0],"23":[145,0]},"f":{"1":198,"2":39,"3":0,"4":14,"5":53,"6":131,"7":0,"8":0,"9":131,"10":990,"11":0,"12":53,"13":145},"fnMap":{"1":{"name":"diamondStorage","line":40,"loc":{"start":{"line":40,"column":4},"end":{"line":45,"column":4}}},"2":{"name":"setContractOwner","line":49,"loc":{"start":{"line":49,"column":4},"end":{"line":54,"column":4}}},"3":{"name":"contractOwner","line":56,"loc":{"start":{"line":56,"column":4},"end":{"line":58,"column":4}}},"4":{"name":"enforceIsContractOwner","line":60,"loc":{"start":{"line":60,"column":4},"end":{"line":62,"column":4}}},"5":{"name":"diamondCut","line":67,"loc":{"start":{"line":67,"column":4},"end":{"line":86,"column":4}}},"6":{"name":"addFunctions","line":88,"loc":{"start":{"line":88,"column":4},"end":{"line":104,"column":4}}},"7":{"name":"replaceFunctions","line":106,"loc":{"start":{"line":106,"column":4},"end":{"line":123,"column":4}}},"8":{"name":"removeFunctions","line":125,"loc":{"start":{"line":125,"column":4},"end":{"line":135,"column":4}}},"9":{"name":"addFacet","line":137,"loc":{"start":{"line":137,"column":4},"end":{"line":141,"column":4}}},"10":{"name":"addFunction","line":144,"loc":{"start":{"line":144,"column":4},"end":{"line":148,"column":4}}},"11":{"name":"removeFunction","line":150,"loc":{"start":{"line":150,"column":4},"end":{"line":180,"column":4}}},"12":{"name":"initializeDiamondCut","line":182,"loc":{"start":{"line":182,"column":4},"end":{"line":200,"column":4}}},"13":{"name":"enforceHasContractCode","line":202,"loc":{"start":{"line":202,"column":4},"end":{"line":208,"column":4}}}},"statementMap":{"1":{"start":{"line":41,"column":8},"end":{"line":41,"column":51}},"2":{"start":{"line":50,"column":8},"end":{"line":50,"column":52}},"3":{"start":{"line":51,"column":8},"end":{"line":51,"column":48}},"4":{"start":{"line":53,"column":8},"end":{"line":53,"column":59}},"5":{"start":{"line":61,"column":8},"end":{"line":61,"column":98}},"6":{"start":{"line":72,"column":8},"end":{"line":72,"column":2664}},"7":{"start":{"line":73,"column":12},"end":{"line":73,"column":78}},"8":{"start":{"line":74,"column":12},"end":{"line":74,"column":2834}},"9":{"start":{"line":75,"column":16},"end":{"line":75,"column":108}},"10":{"start":{"line":76,"column":19},"end":{"line":76,"column":3012}},"11":{"start":{"line":77,"column":16},"end":{"line":77,"column":112}},"12":{"start":{"line":78,"column":19},"end":{"line":78,"column":3198}},"13":{"start":{"line":79,"column":16},"end":{"line":79,"column":111}},"14":{"start":{"line":81,"column":16},"end":{"line":81,"column":64}},"15":{"start":{"line":84,"column":8},"end":{"line":84,"column":54}},"16":{"start":{"line":85,"column":8},"end":{"line":85,"column":45}},"17":{"start":{"line":89,"column":8},"end":{"line":89,"column":92}},"18":{"start":{"line":90,"column":8},"end":{"line":90,"column":52}},"19":{"start":{"line":91,"column":8},"end":{"line":91,"column":91}},"20":{"start":{"line":92,"column":8},"end":{"line":92,"column":107}},"21":{"start":{"line":94,"column":8},"end":{"line":94,"column":4100}},"22":{"start":{"line":95,"column":12},"end":{"line":95,"column":38}},"23":{"start":{"line":97,"column":8},"end":{"line":97,"column":4200}},"24":{"start":{"line":98,"column":12},"end":{"line":98,"column":63}},"25":{"start":{"line":99,"column":12},"end":{"line":99,"column":90}},"26":{"start":{"line":100,"column":12},"end":{"line":100,"column":106}},"27":{"start":{"line":101,"column":12},"end":{"line":101,"column":69}},"28":{"start":{"line":107,"column":8},"end":{"line":107,"column":92}},"29":{"start":{"line":108,"column":8},"end":{"line":108,"column":52}},"30":{"start":{"line":109,"column":8},"end":{"line":109,"column":91}},"31":{"start":{"line":110,"column":8},"end":{"line":110,"column":107}},"32":{"start":{"line":112,"column":8},"end":{"line":112,"column":5191}},"33":{"start":{"line":113,"column":12},"end":{"line":113,"column":38}},"34":{"start":{"line":115,"column":8},"end":{"line":115,"column":5279}},"35":{"start":{"line":116,"column":12},"end":{"line":116,"column":63}},"36":{"start":{"line":117,"column":12},"end":{"line":117,"column":90}},"37":{"start":{"line":118,"column":12},"end":{"line":118,"column":112}},"38":{"start":{"line":119,"column":12},"end":{"line":119,"column":56}},"39":{"start":{"line":120,"column":12},"end":{"line":120,"column":69}},"40":{"start":{"line":126,"column":8},"end":{"line":126,"column":92}},"41":{"start":{"line":127,"column":8},"end":{"line":127,"column":52}},"42":{"start":{"line":129,"column":8},"end":{"line":129,"column":101}},"43":{"start":{"line":130,"column":8},"end":{"line":130,"column":6246}},"44":{"start":{"line":131,"column":12},"end":{"line":131,"column":63}},"45":{"start":{"line":132,"column":12},"end":{"line":132,"column":90}},"46":{"start":{"line":133,"column":12},"end":{"line":133,"column":56}},"47":{"start":{"line":138,"column":8},"end":{"line":138,"column":84}},"48":{"start":{"line":140,"column":8},"end":{"line":140,"column":44}},"49":{"start":{"line":146,"column":8},"end":{"line":146,"column":81}},"50":{"start":{"line":151,"column":8},"end":{"line":151,"column":102}},"51":{"start":{"line":153,"column":8},"end":{"line":153,"column":96}},"52":{"start":{"line":155,"column":8},"end":{"line":155,"column":100}},"53":{"start":{"line":156,"column":8},"end":{"line":156,"column":108}},"54":{"start":{"line":158,"column":8},"end":{"line":158,"column":8049}},"55":{"start":{"line":159,"column":12},"end":{"line":159,"column":114}},"56":{"start":{"line":164,"column":8},"end":{"line":164,"column":71}},"57":{"start":{"line":168,"column":8},"end":{"line":168,"column":8693}},"58":{"start":{"line":170,"column":12},"end":{"line":170,"column":75}},"59":{"start":{"line":171,"column":12},"end":{"line":171,"column":104}},"60":{"start":{"line":172,"column":12},"end":{"line":172,"column":9016}},"61":{"start":{"line":173,"column":16},"end":{"line":173,"column":86}},"62":{"start":{"line":177,"column":12},"end":{"line":177,"column":34}},"63":{"start":{"line":183,"column":8},"end":{"line":183,"column":9579}},"64":{"start":{"line":184,"column":12},"end":{"line":184,"column":18}},"65":{"start":{"line":186,"column":8},"end":{"line":186,"column":80}},"66":{"start":{"line":187,"column":8},"end":{"line":187,"column":74}},"67":{"start":{"line":188,"column":8},"end":{"line":188,"column":9811}},"68":{"start":{"line":189,"column":12},"end":{"line":189,"column":9843}},"69":{"start":{"line":203,"column":8},"end":{"line":203,"column":28}},"70":{"start":{"line":207,"column":8},"end":{"line":207,"column":47}}},"branchMap":{"1":{"line":61,"type":"if","locations":[{"start":{"line":61,"column":8},"end":{"line":61,"column":8}},{"start":{"line":61,"column":8},"end":{"line":61,"column":8}}]},"2":{"line":74,"type":"if","locations":[{"start":{"line":74,"column":12},"end":{"line":74,"column":12}},{"start":{"line":74,"column":12},"end":{"line":74,"column":12}}]},"3":{"line":76,"type":"if","locations":[{"start":{"line":76,"column":19},"end":{"line":76,"column":19}},{"start":{"line":76,"column":19},"end":{"line":76,"column":19}}]},"4":{"line":78,"type":"if","locations":[{"start":{"line":78,"column":19},"end":{"line":78,"column":19}},{"start":{"line":78,"column":19},"end":{"line":78,"column":19}}]},"5":{"line":89,"type":"if","locations":[{"start":{"line":89,"column":8},"end":{"line":89,"column":8}},{"start":{"line":89,"column":8},"end":{"line":89,"column":8}}]},"6":{"line":91,"type":"if","locations":[{"start":{"line":91,"column":8},"end":{"line":91,"column":8}},{"start":{"line":91,"column":8},"end":{"line":91,"column":8}}]},"7":{"line":94,"type":"if","locations":[{"start":{"line":94,"column":8},"end":{"line":94,"column":8}},{"start":{"line":94,"column":8},"end":{"line":94,"column":8}}]},"8":{"line":100,"type":"if","locations":[{"start":{"line":100,"column":12},"end":{"line":100,"column":12}},{"start":{"line":100,"column":12},"end":{"line":100,"column":12}}]},"9":{"line":107,"type":"if","locations":[{"start":{"line":107,"column":8},"end":{"line":107,"column":8}},{"start":{"line":107,"column":8},"end":{"line":107,"column":8}}]},"10":{"line":109,"type":"if","locations":[{"start":{"line":109,"column":8},"end":{"line":109,"column":8}},{"start":{"line":109,"column":8},"end":{"line":109,"column":8}}]},"11":{"line":112,"type":"if","locations":[{"start":{"line":112,"column":8},"end":{"line":112,"column":8}},{"start":{"line":112,"column":8},"end":{"line":112,"column":8}}]},"12":{"line":118,"type":"if","locations":[{"start":{"line":118,"column":12},"end":{"line":118,"column":12}},{"start":{"line":118,"column":12},"end":{"line":118,"column":12}}]},"13":{"line":126,"type":"if","locations":[{"start":{"line":126,"column":8},"end":{"line":126,"column":8}},{"start":{"line":126,"column":8},"end":{"line":126,"column":8}}]},"14":{"line":129,"type":"if","locations":[{"start":{"line":129,"column":8},"end":{"line":129,"column":8}},{"start":{"line":129,"column":8},"end":{"line":129,"column":8}}]},"15":{"line":151,"type":"if","locations":[{"start":{"line":151,"column":8},"end":{"line":151,"column":8}},{"start":{"line":151,"column":8},"end":{"line":151,"column":8}}]},"16":{"line":153,"type":"if","locations":[{"start":{"line":153,"column":8},"end":{"line":153,"column":8}},{"start":{"line":153,"column":8},"end":{"line":153,"column":8}}]},"17":{"line":158,"type":"if","locations":[{"start":{"line":158,"column":8},"end":{"line":158,"column":8}},{"start":{"line":158,"column":8},"end":{"line":158,"column":8}}]},"18":{"line":168,"type":"if","locations":[{"start":{"line":168,"column":8},"end":{"line":168,"column":8}},{"start":{"line":168,"column":8},"end":{"line":168,"column":8}}]},"19":{"line":172,"type":"if","locations":[{"start":{"line":172,"column":12},"end":{"line":172,"column":12}},{"start":{"line":172,"column":12},"end":{"line":172,"column":12}}]},"20":{"line":183,"type":"if","locations":[{"start":{"line":183,"column":8},"end":{"line":183,"column":8}},{"start":{"line":183,"column":8},"end":{"line":183,"column":8}}]},"21":{"line":188,"type":"if","locations":[{"start":{"line":188,"column":8},"end":{"line":188,"column":8}},{"start":{"line":188,"column":8},"end":{"line":188,"column":8}}]},"22":{"line":189,"type":"if","locations":[{"start":{"line":189,"column":12},"end":{"line":189,"column":12}},{"start":{"line":189,"column":12},"end":{"line":189,"column":12}}]},"23":{"line":207,"type":"if","locations":[{"start":{"line":207,"column":8},"end":{"line":207,"column":8}},{"start":{"line":207,"column":8},"end":{"line":207,"column":8}}]}}},"contracts/diamond/upgradeInitializers/DiamondInit.sol":{"l":{"24":14,"25":14,"26":14,"27":14,"28":14},"path":"/home/mayank/Desktop/orkade /contracts/diamond/upgradeInitializers/DiamondInit.sol","s":{"1":14},"b":{},"f":{"1":14},"fnMap":{"1":{"name":"init","line":22,"loc":{"start":{"line":22,"column":4},"end":{"line":36,"column":4}}}},"statementMap":{"1":{"start":{"line":24,"column":8},"end":{"line":24,"column":74}}},"branchMap":{}},"contracts/ourkade/Enums.sol":{"l":{},"path":"/home/mayank/Desktop/orkade /contracts/ourkade/Enums.sol","s":{},"b":{},"f":{},"fnMap":{},"statementMap":{},"branchMap":{}},"contracts/ourkade/library/accesslib.sol":{"l":{"38":54,"39":54,"48":406,"54":321,"62":321,"75":80,"84":54,"93":0,"102":0,"103":0,"106":0,"114":26,"115":26,"116":26,"124":67,"125":67,"126":67,"127":67,"129":0,"138":0,"139":0,"140":0,"141":0,"143":0},"path":"/home/mayank/Desktop/orkade /contracts/ourkade/library/accesslib.sol","s":{"1":54,"2":406,"3":321,"4":321,"5":80,"6":54,"7":0,"8":0,"9":0,"10":26,"11":26,"12":67,"13":67,"14":67,"15":0,"16":0,"17":0,"18":0,"19":0},"b":{"1":[314,7],"2":[54,0],"3":[0,0],"4":[0,0],"5":[67,0],"6":[0,0]},"f":{"1":54,"2":406,"3":321,"4":321,"5":80,"6":54,"7":0,"8":0,"9":26,"10":67,"11":0},"fnMap":{"1":{"name":"onlyRole","line":37,"loc":{"start":{"line":37,"column":4},"end":{"line":40,"column":4}}},"2":{"name":"hasRole","line":43,"loc":{"start":{"line":43,"column":4},"end":{"line":49,"column":4}}},"3":{"name":"_checkRole","line":53,"loc":{"start":{"line":53,"column":4},"end":{"line":55,"column":4}}},"4":{"name":"_checkRole","line":57,"loc":{"start":{"line":57,"column":4},"end":{"line":66,"column":4}}},"5":{"name":"getRoleAdmin","line":70,"loc":{"start":{"line":70,"column":4},"end":{"line":76,"column":4}}},"6":{"name":"grantRole","line":83,"loc":{"start":{"line":79,"column":4},"end":{"line":85,"column":4}}},"7":{"name":"revokeRole","line":92,"loc":{"start":{"line":88,"column":4},"end":{"line":94,"column":4}}},"8":{"name":"renounceRole","line":97,"loc":{"start":{"line":97,"column":4},"end":{"line":107,"column":4}}},"9":{"name":"_setRoleAdmin","line":109,"loc":{"start":{"line":109,"column":4},"end":{"line":117,"column":4}}},"10":{"name":"_grantRole","line":119,"loc":{"start":{"line":119,"column":4},"end":{"line":131,"column":4}}},"11":{"name":"_revokeRole","line":133,"loc":{"start":{"line":133,"column":4},"end":{"line":145,"column":4}}}},"statementMap":{"1":{"start":{"line":38,"column":8},"end":{"line":38,"column":26}},"2":{"start":{"line":48,"column":8},"end":{"line":48,"column":46}},"3":{"start":{"line":54,"column":8},"end":{"line":54,"column":38}},"4":{"start":{"line":62,"column":8},"end":{"line":62,"column":63}},"5":{"start":{"line":75,"column":8},"end":{"line":75,"column":39}},"6":{"start":{"line":84,"column":8},"end":{"line":84,"column":35}},"7":{"start":{"line":93,"column":8},"end":{"line":93,"column":36}},"8":{"start":{"line":102,"column":8},"end":{"line":102,"column":2685}},"9":{"start":{"line":106,"column":8},"end":{"line":106,"column":47}},"10":{"start":{"line":114,"column":8},"end":{"line":114,"column":57}},"11":{"start":{"line":116,"column":8},"end":{"line":116,"column":65}},"12":{"start":{"line":124,"column":8},"end":{"line":124,"column":3277}},"13":{"start":{"line":126,"column":12},"end":{"line":126,"column":55}},"14":{"start":{"line":127,"column":12},"end":{"line":127,"column":23}},"15":{"start":{"line":129,"column":12},"end":{"line":129,"column":24}},"16":{"start":{"line":138,"column":8},"end":{"line":138,"column":3642}},"17":{"start":{"line":140,"column":12},"end":{"line":140,"column":55}},"18":{"start":{"line":141,"column":12},"end":{"line":141,"column":23}},"19":{"start":{"line":143,"column":12},"end":{"line":143,"column":24}}},"branchMap":{"1":{"line":62,"type":"if","locations":[{"start":{"line":62,"column":8},"end":{"line":62,"column":8}},{"start":{"line":62,"column":8},"end":{"line":62,"column":8}}]},"2":{"line":83,"type":"if","locations":[{"start":{"line":83,"column":15},"end":{"line":83,"column":15}},{"start":{"line":83,"column":15},"end":{"line":83,"column":15}}]},"3":{"line":92,"type":"if","locations":[{"start":{"line":92,"column":15},"end":{"line":92,"column":15}},{"start":{"line":92,"column":15},"end":{"line":92,"column":15}}]},"4":{"line":102,"type":"if","locations":[{"start":{"line":102,"column":8},"end":{"line":102,"column":8}},{"start":{"line":102,"column":8},"end":{"line":102,"column":8}}]},"5":{"line":124,"type":"if","locations":[{"start":{"line":124,"column":8},"end":{"line":124,"column":8}},{"start":{"line":124,"column":8},"end":{"line":124,"column":8}}]},"6":{"line":138,"type":"if","locations":[{"start":{"line":138,"column":8},"end":{"line":138,"column":8}},{"start":{"line":138,"column":8},"end":{"line":138,"column":8}}]}}},"contracts/ourkade/library/HitchensUnorderedKeySet.sol":{"l":{"42":178,"43":178,"44":175,"45":175,"49":8,"50":8,"51":8,"52":8,"53":8,"54":8,"55":8,"59":45,"63":479,"64":421,"68":66,"72":0},"path":"/home/mayank/Desktop/orkade /contracts/ourkade/library/HitchensUnorderedKeySet.sol","s":{"1":178,"2":178,"3":175,"4":8,"5":8,"6":8,"7":8,"8":45,"9":479,"10":58,"11":421,"12":66},"b":{"1":[178,0],"2":[175,3],"3":[8,0],"4":[58,421]},"f":{"1":178,"2":8,"3":45,"4":479,"5":66,"6":0},"fnMap":{"1":{"name":"insert","line":41,"loc":{"start":{"line":41,"column":4},"end":{"line":46,"column":4}}},"2":{"name":"remove","line":48,"loc":{"start":{"line":48,"column":4},"end":{"line":56,"column":4}}},"3":{"name":"count","line":58,"loc":{"start":{"line":58,"column":4},"end":{"line":60,"column":4}}},"4":{"name":"exists","line":62,"loc":{"start":{"line":62,"column":4},"end":{"line":65,"column":4}}},"5":{"name":"keyAtIndex","line":67,"loc":{"start":{"line":67,"column":4},"end":{"line":69,"column":4}}},"6":{"name":"nukeSet","line":71,"loc":{"start":{"line":71,"column":4},"end":{"line":73,"column":4}}}},"statementMap":{"1":{"start":{"line":42,"column":8},"end":{"line":42,"column":70}},"2":{"start":{"line":43,"column":8},"end":{"line":43,"column":91}},"3":{"start":{"line":44,"column":8},"end":{"line":44,"column":29}},"4":{"start":{"line":49,"column":8},"end":{"line":49,"column":90}},"5":{"start":{"line":50,"column":8},"end":{"line":50,"column":55}},"6":{"start":{"line":51,"column":8},"end":{"line":51,"column":49}},"7":{"start":{"line":55,"column":8},"end":{"line":55,"column":25}},"8":{"start":{"line":59,"column":8},"end":{"line":59,"column":35}},"9":{"start":{"line":63,"column":8},"end":{"line":63,"column":49}},"10":{"start":{"line":63,"column":37},"end":{"line":63,"column":49}},"11":{"start":{"line":64,"column":8},"end":{"line":64,"column":57}},"12":{"start":{"line":68,"column":8},"end":{"line":68,"column":34}}},"branchMap":{"1":{"line":42,"type":"if","locations":[{"start":{"line":42,"column":8},"end":{"line":42,"column":8}},{"start":{"line":42,"column":8},"end":{"line":42,"column":8}}]},"2":{"line":43,"type":"if","locations":[{"start":{"line":43,"column":8},"end":{"line":43,"column":8}},{"start":{"line":43,"column":8},"end":{"line":43,"column":8}}]},"3":{"line":49,"type":"if","locations":[{"start":{"line":49,"column":8},"end":{"line":49,"column":8}},{"start":{"line":49,"column":8},"end":{"line":49,"column":8}}]},"4":{"line":63,"type":"if","locations":[{"start":{"line":63,"column":8},"end":{"line":63,"column":8}},{"start":{"line":63,"column":8},"end":{"line":63,"column":8}}]}}},"contracts/ourkade/library/ourkadelib.sol":{"l":{"127":1605,"128":1605,"134":13,"135":13,"137":13,"138":13,"139":13,"141":13,"143":13,"145":13,"146":13,"147":13,"148":13,"149":13,"150":13,"151":13,"152":13,"153":13,"154":13,"155":13,"156":13,"157":13,"159":13,"161":13,"162":13,"163":13,"169":1,"170":1,"174":1,"175":1,"179":2,"180":2,"184":1,"185":1,"189":3,"190":3,"194":267,"195":267,"199":26,"200":26,"204":17,"205":17,"206":17,"210":13,"211":13,"212":13,"216":0,"217":0,"218":0,"222":37,"223":37,"224":37,"228":0,"229":0,"230":0,"236":187,"241":301,"247":0,"253":0,"259":330,"265":45,"275":16,"281":9,"295":0,"300":0,"301":0,"302":0,"306":0,"308":0,"312":0,"313":0,"317":0,"318":0,"322":0,"323":0,"327":0,"328":0,"332":1,"334":1,"340":9,"341":9,"342":9,"347":0,"348":0,"349":0,"350":0,"351":0,"352":0,"355":0,"363":4,"370":0,"377":0,"379":0,"391":4,"393":4,"409":6,"410":6,"414":6,"415":6,"417":6,"418":4,"421":6,"422":6,"424":6,"447":16,"448":16,"449":15,"450":15,"455":0,"457":0,"458":0,"459":0,"460":0,"464":32,"465":32,"469":32,"476":18,"477":17,"479":17,"480":17,"486":0,"490":0,"491":0,"497":0,"498":0,"505":78,"509":78,"510":78,"511":76,"513":76,"514":76,"521":76,"523":76,"532":0,"536":0,"539":0,"542":0,"543":0,"552":0,"556":106,"557":106,"561":0,"565":106,"571":95,"578":0,"584":95,"593":106,"594":104,"596":104,"598":104,"601":0,"604":104,"605":104,"608":104,"614":10,"620":0,"624":0,"625":0,"631":0,"632":0,"640":3,"641":3,"648":3,"653":0,"658":3,"668":3,"670":3,"671":3,"675":3,"676":3,"684":3,"691":0,"692":0,"699":5,"700":5,"709":0,"710":0,"711":0,"713":0,"715":0,"725":0,"730":0,"731":0,"742":0,"744":0,"745":0,"746":0,"751":0,"753":0,"754":0,"755":0,"756":0,"760":22,"761":22,"765":22,"772":22,"773":21,"775":21,"776":21,"782":0,"786":0,"787":0,"793":0,"794":0,"801":31,"802":31,"804":30,"809":29,"811":29,"816":29,"817":58,"824":58,"825":58,"827":58,"828":58,"829":58,"831":58,"837":29,"838":29,"842":29,"851":22,"852":22,"854":21,"855":21,"856":21,"858":21,"860":20,"862":20,"869":20,"881":1,"882":1,"884":1,"886":1,"888":1,"891":1,"893":1,"896":1,"905":2,"907":2,"909":2,"910":4,"911":4,"915":4,"920":4,"921":0,"924":4,"925":0,"927":4,"929":4,"930":4,"932":4,"940":2,"942":2,"954":133,"955":133,"958":133,"962":133,"969":113,"973":113,"974":109,"976":109,"978":109,"985":15,"989":1,"990":1,"996":7,"997":7,"1019":45,"1020":45,"1022":45,"1026":17,"1029":17,"1030":17,"1033":17,"1034":0,"1039":17,"1044":17,"1050":3,"1053":3,"1054":3,"1056":3,"1058":3,"1059":3,"1061":3,"1067":2,"1071":17,"1074":17,"1079":17,"1084":17,"1086":4,"1090":4,"1093":4,"1094":4,"1105":0,"1107":0,"1108":0,"1109":0,"1110":0,"1115":0,"1136":14,"1138":14,"1140":14,"1142":14,"1143":14,"1144":14,"1146":14,"1148":14,"1150":14,"1152":14,"1153":14,"1154":45,"1157":45,"1158":46,"1159":2,"1163":44,"1164":44,"1165":44,"1172":45,"1174":45,"1175":15,"1178":15,"1179":15,"1181":30,"1184":45,"1185":45,"1188":45,"1201":14,"1205":36,"1206":36,"1217":16,"1218":16,"1220":16,"1230":15,"1235":5,"1237":4,"1242":3,"1244":3,"1248":9,"1249":8,"1250":7,"1251":7,"1255":73,"1264":0,"1265":0,"1266":0,"1271":0,"1276":0,"1277":0,"1278":0,"1279":0,"1280":0,"1284":5,"1288":14,"1289":14,"1294":14,"1296":13,"1301":12,"1310":12,"1311":5,"1317":3,"1319":3,"1324":2,"1326":2,"1335":9,"1336":9,"1339":9,"1340":9,"1341":9,"1343":9,"1344":9,"1345":9,"1347":9,"1349":9,"1351":9,"1353":9,"1356":9,"1357":9,"1358":9,"1359":9,"1360":9,"1361":9,"1362":9,"1363":9,"1366":9,"1367":9,"1375":9,"1387":9,"1399":0,"1400":0,"1402":0,"1405":0,"1410":0,"1413":0,"1415":0,"1418":0,"1427":0,"1433":0,"1437":0,"1439":0,"1441":0,"1442":0,"1447":0,"1449":0,"1450":0,"1451":0,"1455":0,"1460":0,"1465":0,"1467":0,"1476":0,"1480":0,"1482":0,"1494":0,"1502":6,"1503":6,"1504":6,"1508":5,"1516":5,"1518":5,"1521":0,"1525":5,"1526":0,"1533":0,"1538":5,"1539":0,"1544":5,"1548":5,"1549":0,"1551":5,"1552":0,"1556":5,"1557":1,"1560":4,"1566":6,"1579":4,"1580":4,"1588":6,"1593":4,"1596":4,"1598":4,"1603":4,"1606":4,"1616":1,"1617":1,"1621":1,"1623":1,"1625":1,"1626":1,"1627":1,"1629":1,"1630":5,"1634":3,"1635":3,"1639":1,"1641":1,"1651":3,"1652":3,"1656":3,"1657":3,"1659":3,"1660":3,"1666":3,"1672":3,"1678":3,"1684":3,"1685":3,"1686":3,"1687":3,"1690":3,"1691":0,"1695":3,"1698":3,"1699":2,"1713":3,"1714":3,"1716":3,"1719":3,"1721":3,"1722":0,"1729":3,"1731":3,"1736":180,"1741":3,"1749":3,"1753":3,"1754":3,"1759":3,"1765":3,"1769":3,"1770":3,"1777":0,"1780":0,"1782":0,"1783":0,"1787":0,"1789":0,"1790":0,"1793":0,"1800":2,"1801":2,"1805":2,"1810":2,"1816":1,"1817":0,"1821":1,"1828":1,"1829":1,"1832":1,"1837":1,"1838":1,"1842":1,"1846":1,"1848":0,"1853":0,"1855":0,"1859":0,"1861":0,"1864":0,"1870":0,"1871":0,"1872":0,"1882":0,"1888":1,"1890":1,"1891":1,"1893":1,"1899":1,"1901":1,"1903":0,"1906":1,"1909":1,"1914":1,"1915":1,"1923":1,"1924":3,"1926":3,"1932":3,"1936":3,"1942":3,"1945":3,"1946":3,"1949":3,"1950":0,"1954":3,"1959":3,"1960":3,"1981":0,"1982":0,"1983":0,"1985":0,"1987":0,"1988":0,"1989":0,"1990":0,"2000":0,"2003":0,"2007":0,"2009":0,"2013":0,"2022":0,"2023":0,"2025":0,"2027":0,"2028":0,"2029":0,"2035":0,"2036":0,"2039":0,"2042":0,"2046":0,"2047":0,"2049":0,"2052":0,"2053":0,"2056":0,"2057":0,"2058":0,"2059":0,"2060":0,"2066":0,"2069":0,"2075":0,"2086":0,"2087":0,"2088":0,"2092":0,"2095":0,"2100":0,"2104":0,"2105":0,"2107":0,"2112":0,"2113":0,"2115":0,"2126":0,"2127":0,"2131":0,"2132":0,"2136":0,"2138":0,"2139":0,"2143":0,"2144":0,"2146":0,"2151":0,"2154":0,"2155":0,"2161":0,"2169":0,"2171":0,"2180":0,"2181":0,"2184":0,"2186":0,"2191":0,"2192":0,"2194":0,"2196":0,"2198":0,"2202":0,"2203":0,"2205":0,"2207":0,"2209":0,"2213":0,"2228":0,"2229":0,"2230":0,"2234":0,"2236":0,"2242":0,"2243":0,"2245":0,"2248":0,"2253":0,"2255":0,"2260":0,"2262":0,"2263":0,"2265":0,"2266":0,"2270":0,"2272":0,"2275":0,"2278":0,"2279":0,"2281":0,"2282":0,"2286":0,"2287":0,"2289":0,"2292":0,"2294":0,"2295":0,"2297":0,"2299":0,"2306":0,"2311":0,"2317":0,"2320":0,"2324":0,"2327":0,"2333":0,"2334":0,"2335":0,"2337":0,"2342":0,"2346":0,"2353":0,"2354":0,"2358":0,"2361":0,"2368":0,"2371":0,"2375":0,"2376":0,"2380":0,"2384":0,"2386":0,"2387":0,"2390":0,"2395":0,"2403":0,"2411":31,"2415":2,"2423":19,"2424":19,"2425":9,"2426":9,"2428":10,"2430":9,"2431":8,"2435":18,"2436":18,"2442":26,"2443":26,"2444":25,"2448":23,"2449":22,"2454":21,"2457":21,"2458":17,"2466":3,"2467":3,"2469":3,"2472":3,"2477":2,"2484":22,"2489":1,"2494":0,"2495":0,"2498":0,"2499":0,"2502":0,"2503":0,"2504":0,"2505":0,"2506":0,"2520":1,"2521":0,"2523":0,"2525":1,"2527":0,"2535":3,"2536":0,"2538":0,"2540":3,"2542":0,"2553":0,"2554":0,"2556":0,"2557":0,"2559":0,"2561":0,"2564":0,"2569":0,"2573":0,"2574":0,"2576":0,"2577":0,"2579":0,"2581":0,"2584":0,"2589":0,"2593":29,"2594":29,"2605":104,"2606":104,"2607":104,"2610":104,"2612":59,"2618":45,"2619":45,"2620":45,"2622":0,"2626":0,"2627":0,"2629":0,"2637":45,"2638":45,"2640":45,"2644":180,"2646":180,"2647":16,"2651":180},"path":"/home/mayank/Desktop/orkade /contracts/ourkade/library/ourkadelib.sol","s":{"1":1605,"2":13,"3":1,"4":1,"5":1,"6":2,"7":2,"8":1,"9":1,"10":3,"11":3,"12":267,"13":267,"14":26,"15":26,"16":17,"17":17,"18":17,"19":13,"20":13,"21":13,"22":0,"23":0,"24":0,"25":37,"26":37,"27":37,"28":0,"29":0,"30":0,"31":187,"32":301,"33":0,"34":0,"35":330,"36":45,"37":16,"38":9,"39":0,"40":0,"41":0,"42":0,"43":0,"44":0,"45":0,"46":0,"47":1,"48":9,"49":9,"50":0,"51":0,"52":0,"53":0,"54":4,"55":0,"56":0,"57":0,"58":4,"59":4,"60":6,"61":6,"62":6,"63":6,"64":6,"65":4,"66":6,"67":6,"68":6,"69":16,"70":16,"71":15,"72":0,"73":0,"74":0,"75":0,"76":32,"77":32,"78":32,"79":18,"80":17,"81":17,"82":17,"83":0,"84":0,"85":0,"86":0,"87":0,"88":78,"89":78,"90":78,"91":76,"92":76,"93":0,"94":0,"95":0,"96":0,"97":0,"98":106,"99":106,"100":0,"101":106,"102":95,"103":0,"104":95,"105":106,"106":104,"107":104,"108":104,"109":0,"110":104,"111":104,"112":104,"113":10,"114":0,"115":0,"116":0,"117":0,"118":0,"119":3,"120":3,"121":3,"122":0,"123":3,"124":3,"125":3,"126":3,"127":3,"128":0,"129":0,"130":5,"131":5,"132":0,"133":0,"134":0,"135":0,"136":0,"137":0,"138":0,"139":0,"140":0,"141":0,"142":0,"143":0,"144":0,"145":0,"146":22,"147":22,"148":22,"149":22,"150":21,"151":21,"152":21,"153":0,"154":0,"155":0,"156":0,"157":0,"158":31,"159":31,"160":30,"161":29,"162":29,"163":29,"164":58,"165":58,"166":58,"167":58,"168":29,"169":29,"170":22,"171":22,"172":21,"173":21,"174":21,"175":20,"176":20,"177":1,"178":1,"179":1,"180":1,"181":1,"182":1,"183":1,"184":2,"185":2,"186":2,"187":4,"188":4,"189":4,"190":4,"191":0,"192":4,"193":0,"194":4,"195":4,"196":4,"197":2,"198":133,"199":133,"200":133,"201":133,"202":113,"203":113,"204":109,"205":109,"206":109,"207":15,"208":1,"209":1,"210":7,"211":7,"212":45,"213":45,"214":45,"215":17,"216":17,"217":17,"218":17,"219":17,"220":17,"221":3,"222":3,"223":3,"224":3,"225":3,"226":3,"227":2,"228":17,"229":17,"230":17,"231":17,"232":4,"233":4,"234":4,"235":0,"236":0,"237":0,"238":0,"239":0,"240":14,"241":14,"242":14,"243":14,"244":14,"245":14,"246":14,"247":14,"248":14,"249":14,"250":14,"251":45,"252":46,"253":45,"254":45,"255":15,"256":45,"257":14,"258":36,"259":36,"260":16,"261":16,"262":16,"263":15,"264":5,"265":4,"266":3,"267":9,"268":8,"269":7,"270":73,"271":0,"272":0,"273":0,"274":0,"275":5,"276":14,"277":14,"278":14,"279":13,"280":12,"281":12,"282":5,"283":3,"284":3,"285":2,"286":9,"287":9,"288":9,"289":9,"290":0,"291":0,"292":0,"293":0,"294":0,"295":0,"296":0,"297":0,"298":0,"299":0,"300":0,"301":0,"302":0,"303":0,"304":0,"305":0,"306":0,"307":0,"308":0,"309":0,"310":6,"311":6,"312":6,"313":5,"314":5,"315":5,"316":0,"317":5,"318":0,"319":0,"320":5,"321":0,"322":5,"323":5,"324":0,"325":5,"326":0,"327":5,"328":1,"329":4,"330":6,"331":4,"332":6,"333":4,"334":4,"335":4,"336":4,"337":4,"338":1,"339":1,"340":1,"341":1,"342":1,"343":1,"344":1,"345":1,"346":5,"347":1,"348":3,"349":3,"350":3,"351":3,"352":3,"353":3,"354":3,"355":3,"356":3,"357":3,"358":0,"359":3,"360":2,"361":3,"362":3,"363":3,"364":3,"365":3,"366":3,"367":3,"368":3,"369":3,"370":3,"371":3,"372":0,"373":0,"374":0,"375":0,"376":0,"377":0,"378":2,"379":2,"380":2,"381":2,"382":1,"383":0,"384":1,"385":1,"386":1,"387":1,"388":1,"389":1,"390":0,"391":0,"392":0,"393":0,"394":0,"395":0,"396":0,"397":0,"398":0,"399":0,"400":1,"401":1,"402":1,"403":1,"404":0,"405":1,"406":1,"407":1,"408":1,"409":3,"410":3,"411":3,"412":3,"413":3,"414":3,"415":3,"416":3,"417":3,"418":3,"419":0,"420":0,"421":0,"422":0,"423":0,"424":0,"425":0,"426":0,"427":0,"428":0,"429":0,"430":0,"431":0,"432":0,"433":0,"434":0,"435":0,"436":0,"437":0,"438":0,"439":0,"440":0,"441":0,"442":0,"443":0,"444":0,"445":0,"446":0,"447":0,"448":0,"449":0,"450":0,"451":0,"452":0,"453":0,"454":0,"455":0,"456":0,"457":0,"458":0,"459":0,"460":0,"461":0,"462":0,"463":0,"464":0,"465":0,"466":0,"467":0,"468":0,"469":0,"470":0,"471":0,"472":0,"473":0,"474":0,"475":0,"476":0,"477":0,"478":0,"479":0,"480":0,"481":0,"482":0,"483":0,"484":0,"485":0,"486":0,"487":0,"488":0,"489":0,"490":0,"491":0,"492":0,"493":0,"494":0,"495":0,"496":0,"497":0,"498":0,"499":0,"500":0,"501":0,"502":0,"503":0,"504":0,"505":0,"506":0,"507":0,"508":0,"509":0,"510":0,"511":0,"512":0,"513":0,"514":0,"515":0,"516":0,"517":0,"518":0,"519":0,"520":0,"521":0,"522":0,"523":0,"524":0,"525":0,"526":0,"527":0,"528":0,"529":0,"530":0,"531":0,"532":0,"533":0,"534":0,"535":0,"536":0,"537":31,"538":2,"539":19,"540":19,"541":9,"542":10,"543":9,"544":26,"545":26,"546":25,"547":23,"548":22,"549":21,"550":17,"551":3,"552":3,"553":3,"554":2,"555":22,"556":1,"557":0,"558":0,"559":1,"560":0,"561":1,"562":0,"563":1,"564":1,"565":0,"566":3,"567":0,"568":3,"569":0,"570":3,"571":3,"572":0,"573":0,"574":0,"575":0,"576":0,"577":0,"578":0,"579":0,"580":0,"581":0,"582":0,"583":0,"584":0,"585":29,"586":29,"587":104,"588":104,"589":104,"590":104,"591":59,"592":45,"593":45,"594":45,"595":0,"596":180,"597":180,"598":180},"b":{"1":[0,0],"2":[0,0],"3":[0,0],"4":[4,2],"5":[30,2],"6":[104,2],"7":[0,104],"8":[104,0],"9":[0,0],"10":[21,1],"11":[30,1],"12":[29,0],"13":[29,0],"14":[20,1],"15":[1,0],"16":[2,0],"17":[0,4],"18":[129,4],"19":[0,17],"20":[3,0],"21":[0,17],"22":[14,0],"23":[14,0],"24":[2,44],"25":[45,0],"26":[15,30],"27":[16,0],"28":[16,0],"29":[3,1],"30":[8,1],"31":[12,1],"32":[12,0],"33":[5,7],"34":[3,2],"35":[2,1],"36":[0,0],"37":[0,0],"38":[0,0],"39":[0,5],"40":[0,5],"41":[0,0],"42":[0,5],"43":[0,5],"44":[0,5],"45":[1,4],"46":[4,2],"47":[4,0],"48":[1,0],"49":[1,0],"50":[3,2],"51":[3,0],"52":[3,0],"53":[3,0],"54":[3,0],"55":[2,1],"56":[3,0],"57":[0,3],"58":[0,0],"59":[0,0],"60":[1,1],"61":[0,1],"62":[1,0],"63":[1,0],"64":[1,0],"65":[0,1],"66":[0,0],"67":[0,0],"68":[0,0],"69":[1,0],"70":[0,3],"71":[3,0],"72":[0,3],"73":[0,0],"74":[0,0],"75":[0,0],"76":[0,0],"77":[0,0],"78":[0,0],"79":[0,0],"80":[0,0],"81":[0,0],"82":[0,0],"83":[0,0],"84":[0,0],"85":[0,0],"86":[0,0],"87":[0,0],"88":[0,0],"89":[0,0],"90":[0,0],"91":[0,0],"92":[0,0],"93":[0,0],"94":[0,0],"95":[0,0],"96":[0,0],"97":[0,0],"98":[0,0],"99":[0,0],"100":[0,0],"101":[0,0],"102":[0,0],"103":[0,0],"104":[0,0],"105":[0,0],"106":[0,0],"107":[0,0],"108":[0,0],"109":[0,0],"110":[0,0],"111":[0,0],"112":[0,0],"113":[0,0],"114":[0,0],"115":[0,0],"116":[0,0],"117":[0,0],"118":[0,0],"119":[0,0],"120":[9,10],"121":[9,0],"122":[9,1],"123":[8,1],"124":[25,1],"125":[21,1],"126":[3,0],"127":[0,1],"128":[0,1],"129":[1,0],"130":[0,3],"131":[0,3],"132":[3,0],"133":[0,0],"134":[0,0],"135":[0,0],"136":[0,0],"137":[0,0],"138":[0,0],"139":[0,0],"140":[0,0],"141":[29,0],"142":[59,45],"143":[0,45],"144":[0,0],"145":[16,164]},"f":{"1":1605,"2":13,"3":1,"4":1,"5":2,"6":1,"7":3,"8":267,"9":26,"10":17,"11":13,"12":0,"13":37,"14":0,"15":187,"16":301,"17":0,"18":0,"19":330,"20":45,"21":16,"22":9,"23":0,"24":0,"25":0,"26":0,"27":0,"28":0,"29":0,"30":1,"31":9,"32":0,"33":4,"34":0,"35":0,"36":4,"37":6,"38":16,"39":0,"40":32,"41":32,"42":18,"43":0,"44":0,"45":0,"46":78,"47":78,"48":0,"49":0,"50":0,"51":106,"52":0,"53":106,"54":95,"55":0,"56":95,"57":106,"58":10,"59":0,"60":0,"61":0,"62":3,"63":3,"64":0,"65":5,"66":0,"67":0,"68":0,"69":0,"70":22,"71":22,"72":22,"73":0,"74":0,"75":0,"76":31,"77":22,"78":1,"79":2,"80":133,"81":133,"82":113,"83":15,"84":1,"85":7,"86":45,"87":17,"88":3,"89":2,"90":17,"91":0,"92":14,"93":36,"94":16,"95":5,"96":9,"97":73,"98":0,"99":0,"100":5,"101":14,"102":0,"103":0,"104":0,"105":0,"106":0,"107":0,"108":6,"109":6,"110":4,"111":6,"112":1,"113":3,"114":3,"115":3,"116":3,"117":0,"118":2,"119":0,"120":0,"121":0,"122":0,"123":0,"124":0,"125":31,"126":2,"127":19,"128":26,"129":23,"130":3,"131":2,"132":22,"133":1,"134":0,"135":1,"136":3,"137":0,"138":0,"139":29,"140":104,"141":180},"fnMap":{"1":{"name":"getStorage","line":126,"loc":{"start":{"line":126,"column":4},"end":{"line":131,"column":4}}},"2":{"name":"constantdata","line":133,"loc":{"start":{"line":133,"column":4},"end":{"line":164,"column":4}}},"3":{"name":"setRepGuiltyLimit","line":168,"loc":{"start":{"line":168,"column":6},"end":{"line":171,"column":4}}},"4":{"name":"readRepGuiltyLimit","line":173,"loc":{"start":{"line":173,"column":5},"end":{"line":175,"column":34}}},"5":{"name":"IsAccessAdmin","line":178,"loc":{"start":{"line":178,"column":4},"end":{"line":181,"column":4}}},"6":{"name":"IsOurkadeAdmin","line":183,"loc":{"start":{"line":183,"column":4},"end":{"line":186,"column":4}}},"7":{"name":"IsOurkadeOperator","line":188,"loc":{"start":{"line":188,"column":4},"end":{"line":191,"column":4}}},"8":{"name":"checkrole","line":193,"loc":{"start":{"line":193,"column":4},"end":{"line":196,"column":4}}},"9":{"name":"setAdminRole","line":198,"loc":{"start":{"line":198,"column":4},"end":{"line":201,"column":4}}},"10":{"name":"AddOurkadeAdmin","line":203,"loc":{"start":{"line":203,"column":4},"end":{"line":207,"column":4}}},"11":{"name":"DEFAULT_ADMIN","line":209,"loc":{"start":{"line":209,"column":4},"end":{"line":213,"column":4}}},"12":{"name":"RemoveOurkadeAdmin","line":215,"loc":{"start":{"line":215,"column":4},"end":{"line":219,"column":4}}},"13":{"name":"AddOurkadeOperator","line":221,"loc":{"start":{"line":221,"column":4},"end":{"line":225,"column":4}}},"14":{"name":"RemoveOurkadeOperator","line":227,"loc":{"start":{"line":227,"column":4},"end":{"line":231,"column":4}}},"15":{"name":"addressToBytes32","line":235,"loc":{"start":{"line":235,"column":4},"end":{"line":237,"column":4}}},"16":{"name":"bytes32ToAddress","line":240,"loc":{"start":{"line":240,"column":4},"end":{"line":242,"column":4}}},"17":{"name":"addressDataToBytes32","line":244,"loc":{"start":{"line":244,"column":4},"end":{"line":248,"column":4}}},"18":{"name":"bytes32ToAddressData","line":250,"loc":{"start":{"line":250,"column":4},"end":{"line":254,"column":4}}},"19":{"name":"addressNumberToBytes32","line":256,"loc":{"start":{"line":256,"column":4},"end":{"line":260,"column":4}}},"20":{"name":"bytes32ToAddressNumber","line":262,"loc":{"start":{"line":262,"column":4},"end":{"line":266,"column":4}}},"21":{"name":"createMatchCheckId","line":271,"loc":{"start":{"line":271,"column":4},"end":{"line":276,"column":4}}},"22":{"name":"createPlayerCompetitionId","line":278,"loc":{"start":{"line":278,"column":4},"end":{"line":288,"column":4}}},"23":{"name":"createMatchDisputeId","line":291,"loc":{"start":{"line":291,"column":4},"end":{"line":296,"column":4}}},"24":{"name":"SetCompetitionSlash","line":299,"loc":{"start":{"line":299,"column":4},"end":{"line":303,"column":4}}},"25":{"name":"SetDisputeDuration","line":305,"loc":{"start":{"line":305,"column":4},"end":{"line":309,"column":4}}},"26":{"name":"SetDisputeVotesRequired","line":311,"loc":{"start":{"line":311,"column":4},"end":{"line":314,"column":4}}},"27":{"name":"SetRepAdjustRightAccuse","line":316,"loc":{"start":{"line":316,"column":4},"end":{"line":319,"column":4}}},"28":{"name":"SetRepAdjustWrongAccuse","line":321,"loc":{"start":{"line":321,"column":4},"end":{"line":324,"column":4}}},"29":{"name":"SetMatchTimeLimit","line":326,"loc":{"start":{"line":326,"column":4},"end":{"line":329,"column":4}}},"30":{"name":"SetLoyaltyLookup","line":331,"loc":{"start":{"line":331,"column":4},"end":{"line":335,"column":4}}},"31":{"name":"NextCompetitionNonce","line":339,"loc":{"start":{"line":339,"column":4},"end":{"line":343,"column":4}}},"32":{"name":"sqrt","line":346,"loc":{"start":{"line":346,"column":4},"end":{"line":357,"column":4}}},"33":{"name":"_calculateUnsignedPercent","line":359,"loc":{"start":{"line":359,"column":4},"end":{"line":364,"column":4}}},"34":{"name":"_calculatePercent","line":366,"loc":{"start":{"line":366,"column":4},"end":{"line":371,"column":4}}},"35":{"name":"_checkCompetitionPlayerHasNoMatches","line":373,"loc":{"start":{"line":373,"column":4},"end":{"line":385,"column":4}}},"36":{"name":"_countCompetitionPlayerMatches","line":387,"loc":{"start":{"line":387,"column":4},"end":{"line":401,"column":4}}},"37":{"name":"_insertCompetitionPlayerMatch","line":405,"loc":{"start":{"line":405,"column":4},"end":{"line":430,"column":4}}},"38":{"name":"_createGameDefinition","line":443,"loc":{"start":{"line":443,"column":4},"end":{"line":451,"column":4}}},"39":{"name":"_removeGameDefinition","line":453,"loc":{"start":{"line":453,"column":4},"end":{"line":461,"column":4}}},"40":{"name":"checkGameDefinition","line":463,"loc":{"start":{"line":463,"column":4},"end":{"line":466,"column":4}}},"41":{"name":"_verifyGameDefinition","line":468,"loc":{"start":{"line":468,"column":4},"end":{"line":470,"column":4}}},"42":{"name":"_getGameDefinition","line":472,"loc":{"start":{"line":472,"column":4},"end":{"line":481,"column":4}}},"43":{"name":"getGameDefinition","line":483,"loc":{"start":{"line":483,"column":4},"end":{"line":487,"column":4}}},"44":{"name":"getGameDefinitionCount","line":489,"loc":{"start":{"line":489,"column":4},"end":{"line":492,"column":4}}},"45":{"name":"getGameDefinitionAtIndex","line":494,"loc":{"start":{"line":494,"column":4},"end":{"line":499,"column":4}}},"46":{"name":"_createPlayerProfile","line":504,"loc":{"start":{"line":504,"column":4},"end":{"line":506,"column":4}}},"47":{"name":"_createPlayerProfile","line":508,"loc":{"start":{"line":508,"column":4},"end":{"line":529,"column":4}}},"48":{"name":"_removePlayerProfile","line":531,"loc":{"start":{"line":531,"column":4},"end":{"line":533,"column":4}}},"49":{"name":"_removePlayerProfile","line":535,"loc":{"start":{"line":535,"column":4},"end":{"line":549,"column":4}}},"50":{"name":"checkPlayerProfile","line":551,"loc":{"start":{"line":551,"column":4},"end":{"line":553,"column":4}}},"51":{"name":"checkPlayerProfile","line":555,"loc":{"start":{"line":555,"column":4},"end":{"line":558,"column":4}}},"52":{"name":"_verifyPlayerProfile","line":560,"loc":{"start":{"line":560,"column":4},"end":{"line":562,"column":4}}},"53":{"name":"_verifyPlayerProfile","line":564,"loc":{"start":{"line":564,"column":4},"end":{"line":566,"column":4}}},"54":{"name":"_getPlayerProfile","line":568,"loc":{"start":{"line":568,"column":4},"end":{"line":572,"column":4}}},"55":{"name":"_getPlayerProfile","line":574,"loc":{"start":{"line":574,"column":4},"end":{"line":579,"column":4}}},"56":{"name":"_getPlayerProfile","line":581,"loc":{"start":{"line":581,"column":4},"end":{"line":585,"column":4}}},"57":{"name":"_getPlayerProfile","line":587,"loc":{"start":{"line":587,"column":4},"end":{"line":609,"column":4}}},"58":{"name":"GetPlayerProfile","line":611,"loc":{"start":{"line":611,"column":4},"end":{"line":615,"column":4}}},"59":{"name":"GetPlayerProfile","line":617,"loc":{"start":{"line":617,"column":4},"end":{"line":621,"column":4}}},"60":{"name":"GetPlayerProfileCount","line":623,"loc":{"start":{"line":623,"column":4},"end":{"line":626,"column":4}}},"61":{"name":"GetPlayerProfileAtIndex","line":628,"loc":{"start":{"line":628,"column":4},"end":{"line":633,"column":4}}},"62":{"name":"_addPlayerGameScore","line":635,"loc":{"start":{"line":635,"column":4},"end":{"line":662,"column":4}}},"63":{"name":"_calculatePlayerGameElo","line":664,"loc":{"start":{"line":664,"column":4},"end":{"line":685,"column":4}}},"64":{"name":"_getPlayerElo","line":687,"loc":{"start":{"line":687,"column":4},"end":{"line":693,"column":4}}},"65":{"name":"_getPlayerGameRank","line":695,"loc":{"start":{"line":695,"column":4},"end":{"line":701,"column":4}}},"66":{"name":"_setPlayerGameRank","line":704,"loc":{"start":{"line":704,"column":4},"end":{"line":716,"column":4}}},"67":{"name":"SetPlayerGameRanks","line":720,"loc":{"start":{"line":720,"column":4},"end":{"line":733,"column":4}}},"68":{"name":"_createCompetition","line":738,"loc":{"start":{"line":738,"column":4},"end":{"line":747,"column":4}}},"69":{"name":"_removeCompetition","line":749,"loc":{"start":{"line":749,"column":4},"end":{"line":757,"column":4}}},"70":{"name":"checkCompetition","line":759,"loc":{"start":{"line":759,"column":4},"end":{"line":762,"column":4}}},"71":{"name":"_verifyCompetition","line":764,"loc":{"start":{"line":764,"column":4},"end":{"line":766,"column":4}}},"72":{"name":"_getCompetition","line":768,"loc":{"start":{"line":768,"column":4},"end":{"line":777,"column":4}}},"73":{"name":"getCompetition","line":779,"loc":{"start":{"line":779,"column":4},"end":{"line":783,"column":4}}},"74":{"name":"getCompetitionCount","line":785,"loc":{"start":{"line":785,"column":4},"end":{"line":788,"column":4}}},"75":{"name":"getCompetitionAtIndex","line":790,"loc":{"start":{"line":790,"column":4},"end":{"line":795,"column":4}}},"76":{"name":"_createNodeInfo","line":800,"loc":{"start":{"line":800,"column":4},"end":{"line":848,"column":4}}},"77":{"name":"_nodeStakeQueueTier","line":850,"loc":{"start":{"line":850,"column":4},"end":{"line":875,"column":4}}},"78":{"name":"_nodeUnstakeQueueTier","line":877,"loc":{"start":{"line":877,"column":4},"end":{"line":902,"column":4}}},"79":{"name":"_removeNodeInfo","line":904,"loc":{"start":{"line":904,"column":4},"end":{"line":948,"column":4}}},"80":{"name":"checkNodeInfo","line":950,"loc":{"start":{"line":950,"column":4},"end":{"line":959,"column":4}}},"81":{"name":"_verifyNodeInfo","line":961,"loc":{"start":{"line":961,"column":4},"end":{"line":963,"column":4}}},"82":{"name":"_getNodeInfo","line":965,"loc":{"start":{"line":965,"column":4},"end":{"line":979,"column":4}}},"83":{"name":"GetNodeInfo","line":981,"loc":{"start":{"line":981,"column":4},"end":{"line":986,"column":4}}},"84":{"name":"GetNodeInfoCount","line":988,"loc":{"start":{"line":988,"column":4},"end":{"line":991,"column":4}}},"85":{"name":"GetNodeIdAtIndex","line":993,"loc":{"start":{"line":993,"column":4},"end":{"line":998,"column":4}}},"86":{"name":"_nodeQueueTurns","line":1012,"loc":{"start":{"line":1012,"column":4},"end":{"line":1023,"column":4}}},"87":{"name":"_nodeQueueJoin","line":1025,"loc":{"start":{"line":1025,"column":4},"end":{"line":1045,"column":4}}},"88":{"name":"_nodeQueueLeave","line":1049,"loc":{"start":{"line":1049,"column":4},"end":{"line":1062,"column":4}}},"89":{"name":"NodeQueueCompact","line":1066,"loc":{"start":{"line":1066,"column":4},"end":{"line":1068,"column":4}}},"90":{"name":"_nodeQueueCompact","line":1070,"loc":{"start":{"line":1070,"column":4},"end":{"line":1098,"column":4}}},"91":{"name":"GetNodeQueueIds","line":1102,"loc":{"start":{"line":1102,"column":4},"end":{"line":1116,"column":4}}},"92":{"name":"NodeQueueGetEntries","line":1122,"loc":{"start":{"line":1122,"column":4},"end":{"line":1202,"column":4}}},"93":{"name":"NodeQueueGetLength","line":1204,"loc":{"start":{"line":1204,"column":4},"end":{"line":1207,"column":4}}},"94":{"name":"CreateGameDefinition","line":1212,"loc":{"start":{"line":1212,"column":4},"end":{"line":1231,"column":4}}},"95":{"name":"DisableGameDefinition","line":1234,"loc":{"start":{"line":1234,"column":4},"end":{"line":1245,"column":4}}},"96":{"name":"DepositTickets","line":1247,"loc":{"start":{"line":1247,"column":4},"end":{"line":1252,"column":4}}},"97":{"name":"AdminCreateProfile","line":1254,"loc":{"start":{"line":1254,"column":4},"end":{"line":1256,"column":4}}},"98":{"name":"AdminExcuseProfile","line":1263,"loc":{"start":{"line":1263,"column":4},"end":{"line":1267,"column":4}}},"99":{"name":"AdminAbsolveProfile","line":1270,"loc":{"start":{"line":1270,"column":4},"end":{"line":1281,"column":4}}},"100":{"name":"CreateProfile","line":1283,"loc":{"start":{"line":1283,"column":4},"end":{"line":1285,"column":4}}},"101":{"name":"CreateCompetition","line":1287,"loc":{"start":{"line":1287,"column":4},"end":{"line":1393,"column":4}}},"102":{"name":"ArchiveCompetition","line":1395,"loc":{"start":{"line":1395,"column":4},"end":{"line":1428,"column":4}}},"103":{"name":"_competitionIdToOwner","line":1430,"loc":{"start":{"line":1430,"column":4},"end":{"line":1434,"column":4}}},"104":{"name":"_cancelCompetition","line":1436,"loc":{"start":{"line":1436,"column":4},"end":{"line":1473,"column":4}}},"105":{"name":"CancelCompetition","line":1475,"loc":{"start":{"line":1475,"column":4},"end":{"line":1483,"column":4}}},"106":{"name":"HasAnotherMatch","line":1486,"loc":{"start":{"line":1486,"column":4},"end":{"line":1489,"column":36}}},"107":{"name":"HasAnotherMatch","line":1491,"loc":{"start":{"line":1491,"column":4},"end":{"line":1495,"column":4}}},"108":{"name":"CanJoinCompetition","line":1497,"loc":{"start":{"line":1497,"column":4},"end":{"line":1561,"column":4}}},"109":{"name":"_createDraftMatch","line":1563,"loc":{"start":{"line":1563,"column":4},"end":{"line":1576,"column":4}}},"110":{"name":"_deductTickets","line":1578,"loc":{"start":{"line":1578,"column":4},"end":{"line":1581,"column":4}}},"111":{"name":"RegisterForMatch","line":1584,"loc":{"start":{"line":1584,"column":4},"end":{"line":1610,"column":4}}},"112":{"name":"_getSortedScores","line":1612,"loc":{"start":{"line":1612,"column":4},"end":{"line":1642,"column":4}}},"113":{"name":"SubmitMatch","line":1645,"loc":{"start":{"line":1645,"column":4},"end":{"line":1706,"column":4}}},"114":{"name":"_calculateLoyalty","line":1708,"loc":{"start":{"line":1708,"column":4},"end":{"line":1750,"column":4}}},"115":{"name":"_addPlayerLoyalty","line":1752,"loc":{"start":{"line":1752,"column":4},"end":{"line":1766,"column":4}}},"116":{"name":"_addPlayerReputation","line":1768,"loc":{"start":{"line":1768,"column":4},"end":{"line":1771,"column":4}}},"117":{"name":"_calculateIdleReputationLoss","line":1773,"loc":{"start":{"line":1773,"column":4},"end":{"line":1794,"column":4}}},"118":{"name":"ScoreCompetition","line":1796,"loc":{"start":{"line":1796,"column":4},"end":{"line":1967,"column":4}}},"119":{"name":"_getMatchDisputeArbitrators","line":1976,"loc":{"start":{"line":1976,"column":4},"end":{"line":2014,"column":4}}},"120":{"name":"MatchDisputeCreate","line":2018,"loc":{"start":{"line":2018,"column":4},"end":{"line":2080,"column":4}}},"121":{"name":"MatchDisputeCalculateStatus","line":2082,"loc":{"start":{"line":2082,"column":4},"end":{"line":2118,"column":4}}},"122":{"name":"MatchDisputeSubmitVote","line":2120,"loc":{"start":{"line":2120,"column":4},"end":{"line":2173,"column":4}}},"123":{"name":"_calculatePenalty","line":2175,"loc":{"start":{"line":2175,"column":4},"end":{"line":2214,"column":4}}},"124":{"name":"MatchDisputeResolve","line":2223,"loc":{"start":{"line":2223,"column":4},"end":{"line":2408,"column":4}}},"125":{"name":"NodeAssign","line":2410,"loc":{"start":{"line":2410,"column":4},"end":{"line":2412,"column":4}}},"126":{"name":"NodeRemove","line":2414,"loc":{"start":{"line":2414,"column":4},"end":{"line":2416,"column":4}}},"127":{"name":"NodeQueueTierSet","line":2418,"loc":{"start":{"line":2418,"column":4},"end":{"line":2437,"column":4}}},"128":{"name":"NodeQueueTierGet","line":2439,"loc":{"start":{"line":2439,"column":4},"end":{"line":2445,"column":4}}},"129":{"name":"NodeStatusOnline","line":2447,"loc":{"start":{"line":2447,"column":4},"end":{"line":2460,"column":4}}},"130":{"name":"_nodeStatusOffline","line":2462,"loc":{"start":{"line":2462,"column":4},"end":{"line":2473,"column":4}}},"131":{"name":"NodeStatusOffline","line":2475,"loc":{"start":{"line":2475,"column":4},"end":{"line":2478,"column":4}}},"132":{"name":"NodeStakeQueueTier","line":2481,"loc":{"start":{"line":2481,"column":4},"end":{"line":2485,"column":4}}},"133":{"name":"NodeUnstakeQueueTier","line":2488,"loc":{"start":{"line":2488,"column":4},"end":{"line":2490,"column":4}}},"134":{"name":"NodeQueueReset","line":2493,"loc":{"start":{"line":2493,"column":4},"end":{"line":2507,"column":4}}},"135":{"name":"_playerRepNodeEarning","line":2517,"loc":{"start":{"line":2517,"column":4},"end":{"line":2529,"column":4}}},"136":{"name":"_playerRepLoyaltyMultiplier","line":2532,"loc":{"start":{"line":2532,"column":4},"end":{"line":2544,"column":4}}},"137":{"name":"_playerRepFlag","line":2552,"loc":{"start":{"line":2552,"column":4},"end":{"line":2570,"column":4}}},"138":{"name":"_playerRepVote","line":2572,"loc":{"start":{"line":2572,"column":4},"end":{"line":2590,"column":4}}},"139":{"name":"_playerRepBuyNode","line":2592,"loc":{"start":{"line":2592,"column":4},"end":{"line":2598,"column":4}}},"140":{"name":"_playerRepUpdate","line":2604,"loc":{"start":{"line":2604,"column":4},"end":{"line":2641,"column":4}}},"141":{"name":"_getDay","line":2643,"loc":{"start":{"line":2643,"column":4},"end":{"line":2652,"column":4}}}},"statementMap":{"1":{"start":{"line":127,"column":8},"end":{"line":127,"column":43}},"2":{"start":{"line":134,"column":8},"end":{"line":134,"column":41}},"3":{"start":{"line":169,"column":8},"end":{"line":169,"column":41}},"4":{"start":{"line":174,"column":9},"end":{"line":174,"column":42}},"5":{"start":{"line":175,"column":9},"end":{"line":175,"column":33}},"6":{"start":{"line":179,"column":8},"end":{"line":179,"column":41}},"7":{"start":{"line":180,"column":8},"end":{"line":180,"column":63}},"8":{"start":{"line":184,"column":8},"end":{"line":184,"column":41}},"9":{"start":{"line":185,"column":8},"end":{"line":185,"column":55}},"10":{"start":{"line":189,"column":8},"end":{"line":189,"column":41}},"11":{"start":{"line":190,"column":8},"end":{"line":190,"column":58}},"12":{"start":{"line":194,"column":8},"end":{"line":194,"column":41}},"13":{"start":{"line":195,"column":8},"end":{"line":195,"column":34}},"14":{"start":{"line":199,"column":8},"end":{"line":199,"column":41}},"15":{"start":{"line":200,"column":8},"end":{"line":200,"column":45}},"16":{"start":{"line":204,"column":8},"end":{"line":204,"column":41}},"17":{"start":{"line":205,"column":8},"end":{"line":205,"column":49}},"18":{"start":{"line":206,"column":8},"end":{"line":206,"column":19}},"19":{"start":{"line":210,"column":8},"end":{"line":210,"column":41}},"20":{"start":{"line":211,"column":8},"end":{"line":211,"column":58}},"21":{"start":{"line":212,"column":8},"end":{"line":212,"column":19}},"22":{"start":{"line":216,"column":8},"end":{"line":216,"column":41}},"23":{"start":{"line":217,"column":8},"end":{"line":217,"column":50}},"24":{"start":{"line":218,"column":8},"end":{"line":218,"column":19}},"25":{"start":{"line":222,"column":8},"end":{"line":222,"column":41}},"26":{"start":{"line":223,"column":8},"end":{"line":223,"column":52}},"27":{"start":{"line":224,"column":8},"end":{"line":224,"column":19}},"28":{"start":{"line":228,"column":8},"end":{"line":228,"column":41}},"29":{"start":{"line":229,"column":8},"end":{"line":229,"column":53}},"30":{"start":{"line":230,"column":8},"end":{"line":230,"column":19}},"31":{"start":{"line":236,"column":8},"end":{"line":236,"column":43}},"32":{"start":{"line":241,"column":8},"end":{"line":241,"column":43}},"33":{"start":{"line":247,"column":8},"end":{"line":247,"column":66}},"34":{"start":{"line":253,"column":8},"end":{"line":253,"column":59}},"35":{"start":{"line":259,"column":8},"end":{"line":259,"column":77}},"36":{"start":{"line":265,"column":8},"end":{"line":265,"column":69}},"37":{"start":{"line":275,"column":8},"end":{"line":275,"column":59}},"38":{"start":{"line":281,"column":8},"end":{"line":281,"column":12588}},"39":{"start":{"line":295,"column":8},"end":{"line":295,"column":65}},"40":{"start":{"line":300,"column":8},"end":{"line":300,"column":41}},"41":{"start":{"line":301,"column":8},"end":{"line":301,"column":58}},"42":{"start":{"line":306,"column":8},"end":{"line":306,"column":41}},"43":{"start":{"line":312,"column":8},"end":{"line":312,"column":41}},"44":{"start":{"line":317,"column":8},"end":{"line":317,"column":41}},"45":{"start":{"line":322,"column":8},"end":{"line":322,"column":41}},"46":{"start":{"line":327,"column":8},"end":{"line":327,"column":41}},"47":{"start":{"line":332,"column":8},"end":{"line":332,"column":41}},"48":{"start":{"line":340,"column":8},"end":{"line":340,"column":72}},"49":{"start":{"line":342,"column":8},"end":{"line":342,"column":49}},"50":{"start":{"line":347,"column":8},"end":{"line":347,"column":14636}},"51":{"start":{"line":349,"column":12},"end":{"line":349,"column":33}},"52":{"start":{"line":350,"column":12},"end":{"line":350,"column":14719}},"53":{"start":{"line":354,"column":15},"end":{"line":354,"column":14820}},"54":{"start":{"line":363,"column":8},"end":{"line":363,"column":42}},"55":{"start":{"line":370,"column":8},"end":{"line":370,"column":48}},"56":{"start":{"line":377,"column":8},"end":{"line":377,"column":41}},"57":{"start":{"line":379,"column":8},"end":{"line":379,"column":15441}},"58":{"start":{"line":391,"column":8},"end":{"line":391,"column":41}},"59":{"start":{"line":393,"column":8},"end":{"line":393,"column":15798}},"60":{"start":{"line":409,"column":8},"end":{"line":409,"column":78}},"61":{"start":{"line":410,"column":8},"end":{"line":410,"column":16341}},"62":{"start":{"line":414,"column":8},"end":{"line":414,"column":64}},"63":{"start":{"line":415,"column":8},"end":{"line":415,"column":41}},"64":{"start":{"line":417,"column":8},"end":{"line":417,"column":16567}},"65":{"start":{"line":418,"column":12},"end":{"line":418,"column":55}},"66":{"start":{"line":421,"column":8},"end":{"line":421,"column":57}},"67":{"start":{"line":422,"column":8},"end":{"line":422,"column":44}},"68":{"start":{"line":424,"column":8},"end":{"line":424,"column":16807}},"69":{"start":{"line":447,"column":8},"end":{"line":447,"column":41}},"70":{"start":{"line":448,"column":8},"end":{"line":448,"column":42}},"71":{"start":{"line":450,"column":8},"end":{"line":450,"column":66}},"72":{"start":{"line":455,"column":8},"end":{"line":455,"column":41}},"73":{"start":{"line":457,"column":8},"end":{"line":457,"column":42}},"74":{"start":{"line":458,"column":8},"end":{"line":458,"column":67}},"75":{"start":{"line":460,"column":8},"end":{"line":460,"column":70}},"76":{"start":{"line":464,"column":8},"end":{"line":464,"column":41}},"77":{"start":{"line":465,"column":8},"end":{"line":465,"column":50}},"78":{"start":{"line":469,"column":8},"end":{"line":469,"column":64}},"79":{"start":{"line":476,"column":8},"end":{"line":476,"column":33}},"80":{"start":{"line":477,"column":8},"end":{"line":477,"column":41}},"81":{"start":{"line":479,"column":8},"end":{"line":479,"column":61}},"82":{"start":{"line":480,"column":8},"end":{"line":480,"column":21}},"83":{"start":{"line":486,"column":8},"end":{"line":486,"column":40}},"84":{"start":{"line":490,"column":8},"end":{"line":490,"column":41}},"85":{"start":{"line":491,"column":8},"end":{"line":491,"column":46}},"86":{"start":{"line":497,"column":8},"end":{"line":497,"column":41}},"87":{"start":{"line":498,"column":8},"end":{"line":498,"column":56}},"88":{"start":{"line":505,"column":8},"end":{"line":505,"column":50}},"89":{"start":{"line":509,"column":8},"end":{"line":509,"column":41}},"90":{"start":{"line":510,"column":8},"end":{"line":510,"column":41}},"91":{"start":{"line":511,"column":8},"end":{"line":511,"column":62}},"92":{"start":{"line":523,"column":8},"end":{"line":523,"column":20079}},"93":{"start":{"line":532,"column":8},"end":{"line":532,"column":50}},"94":{"start":{"line":536,"column":8},"end":{"line":536,"column":66}},"95":{"start":{"line":539,"column":8},"end":{"line":539,"column":68}},"96":{"start":{"line":543,"column":8},"end":{"line":543,"column":20666}},"97":{"start":{"line":552,"column":8},"end":{"line":552,"column":56}},"98":{"start":{"line":556,"column":8},"end":{"line":556,"column":41}},"99":{"start":{"line":557,"column":8},"end":{"line":557,"column":49}},"100":{"start":{"line":561,"column":8},"end":{"line":561,"column":50}},"101":{"start":{"line":565,"column":8},"end":{"line":565,"column":73}},"102":{"start":{"line":571,"column":8},"end":{"line":571,"column":55}},"103":{"start":{"line":578,"column":8},"end":{"line":578,"column":75}},"104":{"start":{"line":584,"column":8},"end":{"line":584,"column":51}},"105":{"start":{"line":593,"column":8},"end":{"line":593,"column":32}},"106":{"start":{"line":594,"column":8},"end":{"line":594,"column":41}},"107":{"start":{"line":596,"column":8},"end":{"line":596,"column":59}},"108":{"start":{"line":598,"column":8},"end":{"line":598,"column":22321}},"109":{"start":{"line":601,"column":12},"end":{"line":601,"column":37}},"110":{"start":{"line":604,"column":8},"end":{"line":604,"column":22477}},"111":{"start":{"line":605,"column":12},"end":{"line":605,"column":33}},"112":{"start":{"line":608,"column":8},"end":{"line":608,"column":19}},"113":{"start":{"line":614,"column":8},"end":{"line":614,"column":68}},"114":{"start":{"line":620,"column":8},"end":{"line":620,"column":50}},"115":{"start":{"line":624,"column":8},"end":{"line":624,"column":41}},"116":{"start":{"line":625,"column":8},"end":{"line":625,"column":45}},"117":{"start":{"line":631,"column":8},"end":{"line":631,"column":41}},"118":{"start":{"line":632,"column":8},"end":{"line":632,"column":55}},"119":{"start":{"line":640,"column":8},"end":{"line":640,"column":41}},"120":{"start":{"line":641,"column":8},"end":{"line":641,"column":23483}},"121":{"start":{"line":648,"column":8},"end":{"line":648,"column":23715}},"122":{"start":{"line":653,"column":12},"end":{"line":653,"column":23885}},"123":{"start":{"line":668,"column":8},"end":{"line":668,"column":41}},"124":{"start":{"line":670,"column":8},"end":{"line":670,"column":24}},"125":{"start":{"line":671,"column":8},"end":{"line":671,"column":24354}},"126":{"start":{"line":675,"column":8},"end":{"line":675,"column":24477}},"127":{"start":{"line":684,"column":8},"end":{"line":684,"column":36}},"128":{"start":{"line":691,"column":8},"end":{"line":691,"column":41}},"129":{"start":{"line":692,"column":8},"end":{"line":692,"column":57}},"130":{"start":{"line":699,"column":8},"end":{"line":699,"column":41}},"131":{"start":{"line":700,"column":8},"end":{"line":700,"column":58}},"132":{"start":{"line":709,"column":8},"end":{"line":709,"column":41}},"133":{"start":{"line":710,"column":8},"end":{"line":710,"column":45}},"134":{"start":{"line":711,"column":8},"end":{"line":711,"column":66}},"135":{"start":{"line":715,"column":8},"end":{"line":715,"column":79}},"136":{"start":{"line":725,"column":8},"end":{"line":725,"column":26076}},"137":{"start":{"line":730,"column":8},"end":{"line":730,"column":26245}},"138":{"start":{"line":731,"column":12},"end":{"line":731,"column":71}},"139":{"start":{"line":742,"column":8},"end":{"line":742,"column":41}},"140":{"start":{"line":744,"column":8},"end":{"line":744,"column":39}},"141":{"start":{"line":746,"column":8},"end":{"line":746,"column":73}},"142":{"start":{"line":751,"column":8},"end":{"line":751,"column":41}},"143":{"start":{"line":753,"column":8},"end":{"line":753,"column":61}},"144":{"start":{"line":754,"column":8},"end":{"line":754,"column":39}},"145":{"start":{"line":756,"column":8},"end":{"line":756,"column":77}},"146":{"start":{"line":760,"column":8},"end":{"line":760,"column":41}},"147":{"start":{"line":761,"column":8},"end":{"line":761,"column":47}},"148":{"start":{"line":765,"column":8},"end":{"line":765,"column":75}},"149":{"start":{"line":772,"column":8},"end":{"line":772,"column":30}},"150":{"start":{"line":773,"column":8},"end":{"line":773,"column":41}},"151":{"start":{"line":775,"column":8},"end":{"line":775,"column":55}},"152":{"start":{"line":776,"column":8},"end":{"line":776,"column":21}},"153":{"start":{"line":782,"column":8},"end":{"line":782,"column":37}},"154":{"start":{"line":786,"column":8},"end":{"line":786,"column":41}},"155":{"start":{"line":787,"column":8},"end":{"line":787,"column":43}},"156":{"start":{"line":793,"column":8},"end":{"line":793,"column":41}},"157":{"start":{"line":794,"column":8},"end":{"line":794,"column":53}},"158":{"start":{"line":801,"column":8},"end":{"line":801,"column":41}},"159":{"start":{"line":802,"column":8},"end":{"line":802,"column":51}},"160":{"start":{"line":804,"column":8},"end":{"line":804,"column":71}},"161":{"start":{"line":809,"column":8},"end":{"line":809,"column":49}},"162":{"start":{"line":811,"column":8},"end":{"line":811,"column":28913}},"163":{"start":{"line":816,"column":8},"end":{"line":816,"column":29042}},"164":{"start":{"line":817,"column":12},"end":{"line":817,"column":29098}},"165":{"start":{"line":824,"column":12},"end":{"line":824,"column":42}},"166":{"start":{"line":825,"column":12},"end":{"line":825,"column":58}},"167":{"start":{"line":831,"column":12},"end":{"line":831,"column":76}},"168":{"start":{"line":837,"column":8},"end":{"line":837,"column":29908}},"169":{"start":{"line":842,"column":8},"end":{"line":842,"column":30160}},"170":{"start":{"line":851,"column":8},"end":{"line":851,"column":72}},"171":{"start":{"line":852,"column":8},"end":{"line":852,"column":73}},"172":{"start":{"line":854,"column":8},"end":{"line":854,"column":59}},"173":{"start":{"line":855,"column":8},"end":{"line":855,"column":22}},"174":{"start":{"line":858,"column":8},"end":{"line":858,"column":72}},"175":{"start":{"line":862,"column":8},"end":{"line":862,"column":46}},"176":{"start":{"line":869,"column":8},"end":{"line":869,"column":31158}},"177":{"start":{"line":881,"column":8},"end":{"line":881,"column":72}},"178":{"start":{"line":882,"column":8},"end":{"line":882,"column":73}},"179":{"start":{"line":884,"column":8},"end":{"line":884,"column":64}},"180":{"start":{"line":888,"column":8},"end":{"line":888,"column":38}},"181":{"start":{"line":891,"column":8},"end":{"line":891,"column":31808}},"182":{"start":{"line":893,"column":12},"end":{"line":893,"column":51}},"183":{"start":{"line":896,"column":8},"end":{"line":896,"column":32016}},"184":{"start":{"line":905,"column":8},"end":{"line":905,"column":71}},"185":{"start":{"line":907,"column":8},"end":{"line":907,"column":64}},"186":{"start":{"line":909,"column":8},"end":{"line":909,"column":32381}},"187":{"start":{"line":910,"column":12},"end":{"line":910,"column":65}},"188":{"start":{"line":911,"column":12},"end":{"line":911,"column":32538}},"189":{"start":{"line":915,"column":12},"end":{"line":915,"column":32686}},"190":{"start":{"line":920,"column":12},"end":{"line":920,"column":32817}},"191":{"start":{"line":921,"column":16},"end":{"line":921,"column":64}},"192":{"start":{"line":924,"column":12},"end":{"line":924,"column":32976}},"193":{"start":{"line":925,"column":16},"end":{"line":925,"column":61}},"194":{"start":{"line":927,"column":12},"end":{"line":927,"column":45}},"195":{"start":{"line":929,"column":12},"end":{"line":929,"column":45}},"196":{"start":{"line":932,"column":12},"end":{"line":932,"column":33258}},"197":{"start":{"line":942,"column":8},"end":{"line":942,"column":33467}},"198":{"start":{"line":954,"column":8},"end":{"line":954,"column":41}},"199":{"start":{"line":955,"column":8},"end":{"line":955,"column":33769}},"200":{"start":{"line":958,"column":8},"end":{"line":958,"column":48}},"201":{"start":{"line":962,"column":8},"end":{"line":962,"column":78}},"202":{"start":{"line":969,"column":8},"end":{"line":969,"column":34225}},"203":{"start":{"line":973,"column":8},"end":{"line":973,"column":35}},"204":{"start":{"line":974,"column":8},"end":{"line":974,"column":41}},"205":{"start":{"line":976,"column":8},"end":{"line":976,"column":51}},"206":{"start":{"line":978,"column":8},"end":{"line":978,"column":21}},"207":{"start":{"line":985,"column":8},"end":{"line":985,"column":40}},"208":{"start":{"line":989,"column":8},"end":{"line":989,"column":41}},"209":{"start":{"line":990,"column":8},"end":{"line":990,"column":40}},"210":{"start":{"line":996,"column":8},"end":{"line":996,"column":41}},"211":{"start":{"line":997,"column":8},"end":{"line":997,"column":50}},"212":{"start":{"line":1019,"column":8},"end":{"line":1019,"column":75}},"213":{"start":{"line":1020,"column":8},"end":{"line":1020,"column":41}},"214":{"start":{"line":1022,"column":8},"end":{"line":1022,"column":74}},"215":{"start":{"line":1026,"column":8},"end":{"line":1026,"column":36219}},"216":{"start":{"line":1029,"column":8},"end":{"line":1029,"column":35}},"217":{"start":{"line":1030,"column":8},"end":{"line":1030,"column":41}},"218":{"start":{"line":1033,"column":8},"end":{"line":1033,"column":36500}},"219":{"start":{"line":1039,"column":12},"end":{"line":1039,"column":46}},"220":{"start":{"line":1044,"column":8},"end":{"line":1044,"column":51}},"221":{"start":{"line":1050,"column":8},"end":{"line":1050,"column":37210}},"222":{"start":{"line":1053,"column":8},"end":{"line":1053,"column":35}},"223":{"start":{"line":1054,"column":8},"end":{"line":1054,"column":41}},"224":{"start":{"line":1056,"column":8},"end":{"line":1056,"column":75}},"225":{"start":{"line":1059,"column":8},"end":{"line":1059,"column":43}},"226":{"start":{"line":1061,"column":8},"end":{"line":1061,"column":52}},"227":{"start":{"line":1067,"column":8},"end":{"line":1067,"column":26}},"228":{"start":{"line":1071,"column":8},"end":{"line":1071,"column":41}},"229":{"start":{"line":1074,"column":8},"end":{"line":1074,"column":58}},"230":{"start":{"line":1079,"column":8},"end":{"line":1079,"column":38332}},"231":{"start":{"line":1084,"column":8},"end":{"line":1084,"column":38506}},"232":{"start":{"line":1086,"column":12},"end":{"line":1086,"column":69}},"233":{"start":{"line":1090,"column":12},"end":{"line":1090,"column":46}},"234":{"start":{"line":1094,"column":12},"end":{"line":1094,"column":38}},"235":{"start":{"line":1105,"column":8},"end":{"line":1105,"column":41}},"236":{"start":{"line":1107,"column":8},"end":{"line":1107,"column":60}},"237":{"start":{"line":1108,"column":8},"end":{"line":1108,"column":39461}},"238":{"start":{"line":1109,"column":12},"end":{"line":1109,"column":64}},"239":{"start":{"line":1115,"column":8},"end":{"line":1115,"column":26}},"240":{"start":{"line":1136,"column":8},"end":{"line":1136,"column":50}},"241":{"start":{"line":1138,"column":8},"end":{"line":1138,"column":51}},"242":{"start":{"line":1140,"column":8},"end":{"line":1140,"column":63}},"243":{"start":{"line":1142,"column":8},"end":{"line":1142,"column":36}},"244":{"start":{"line":1143,"column":8},"end":{"line":1143,"column":32}},"245":{"start":{"line":1144,"column":8},"end":{"line":1144,"column":41}},"246":{"start":{"line":1146,"column":8},"end":{"line":1146,"column":59}},"247":{"start":{"line":1148,"column":8},"end":{"line":1148,"column":61}},"248":{"start":{"line":1150,"column":8},"end":{"line":1150,"column":71}},"249":{"start":{"line":1152,"column":8},"end":{"line":1152,"column":34}},"250":{"start":{"line":1153,"column":8},"end":{"line":1153,"column":41301}},"251":{"start":{"line":1157,"column":12},"end":{"line":1157,"column":41540}},"252":{"start":{"line":1158,"column":16},"end":{"line":1158,"column":41620}},"253":{"start":{"line":1172,"column":12},"end":{"line":1172,"column":42398}},"254":{"start":{"line":1174,"column":16},"end":{"line":1174,"column":42495}},"255":{"start":{"line":1178,"column":20},"end":{"line":1178,"column":38}},"256":{"start":{"line":1185,"column":16},"end":{"line":1185,"column":42881}},"257":{"start":{"line":1201,"column":8},"end":{"line":1201,"column":65}},"258":{"start":{"line":1205,"column":8},"end":{"line":1205,"column":41}},"259":{"start":{"line":1206,"column":8},"end":{"line":1206,"column":41}},"260":{"start":{"line":1217,"column":8},"end":{"line":1217,"column":61}},"261":{"start":{"line":1218,"column":8},"end":{"line":1218,"column":64}},"262":{"start":{"line":1220,"column":8},"end":{"line":1220,"column":44047}},"263":{"start":{"line":1230,"column":8},"end":{"line":1230,"column":19}},"264":{"start":{"line":1235,"column":8},"end":{"line":1235,"column":71}},"265":{"start":{"line":1237,"column":8},"end":{"line":1237,"column":44506}},"266":{"start":{"line":1244,"column":8},"end":{"line":1244,"column":74}},"267":{"start":{"line":1248,"column":8},"end":{"line":1248,"column":57}},"268":{"start":{"line":1249,"column":8},"end":{"line":1249,"column":66}},"269":{"start":{"line":1251,"column":8},"end":{"line":1251,"column":79}},"270":{"start":{"line":1255,"column":8},"end":{"line":1255,"column":36}},"271":{"start":{"line":1264,"column":8},"end":{"line":1264,"column":66}},"272":{"start":{"line":1266,"column":8},"end":{"line":1266,"column":79}},"273":{"start":{"line":1271,"column":8},"end":{"line":1271,"column":45922}},"274":{"start":{"line":1280,"column":8},"end":{"line":1280,"column":79}},"275":{"start":{"line":1284,"column":8},"end":{"line":1284,"column":39}},"276":{"start":{"line":1288,"column":8},"end":{"line":1288,"column":41}},"277":{"start":{"line":1289,"column":8},"end":{"line":1289,"column":46529}},"278":{"start":{"line":1294,"column":8},"end":{"line":1294,"column":63}},"279":{"start":{"line":1296,"column":8},"end":{"line":1296,"column":46741}},"280":{"start":{"line":1301,"column":8},"end":{"line":1301,"column":46921}},"281":{"start":{"line":1310,"column":8},"end":{"line":1310,"column":47241}},"282":{"start":{"line":1311,"column":12},"end":{"line":1311,"column":47308}},"283":{"start":{"line":1317,"column":12},"end":{"line":1317,"column":73}},"284":{"start":{"line":1319,"column":12},"end":{"line":1319,"column":47577}},"285":{"start":{"line":1326,"column":12},"end":{"line":1326,"column":47781}},"286":{"start":{"line":1335,"column":8},"end":{"line":1335,"column":69}},"287":{"start":{"line":1336,"column":8},"end":{"line":1336,"column":49}},"288":{"start":{"line":1339,"column":8},"end":{"line":1339,"column":75}},"289":{"start":{"line":1387,"column":8},"end":{"line":1387,"column":50738}},"290":{"start":{"line":1399,"column":8},"end":{"line":1399,"column":51}},"291":{"start":{"line":1400,"column":8},"end":{"line":1400,"column":41}},"292":{"start":{"line":1402,"column":8},"end":{"line":1402,"column":73}},"293":{"start":{"line":1405,"column":8},"end":{"line":1405,"column":51275}},"294":{"start":{"line":1415,"column":8},"end":{"line":1415,"column":51544}},"295":{"start":{"line":1427,"column":8},"end":{"line":1427,"column":41}},"296":{"start":{"line":1433,"column":8},"end":{"line":1433,"column":47}},"297":{"start":{"line":1437,"column":8},"end":{"line":1437,"column":78}},"298":{"start":{"line":1439,"column":8},"end":{"line":1439,"column":52442}},"299":{"start":{"line":1441,"column":12},"end":{"line":1441,"column":68}},"300":{"start":{"line":1442,"column":12},"end":{"line":1442,"column":52639}},"301":{"start":{"line":1449,"column":8},"end":{"line":1449,"column":41}},"302":{"start":{"line":1450,"column":8},"end":{"line":1450,"column":52972}},"303":{"start":{"line":1451,"column":12},"end":{"line":1451,"column":53039}},"304":{"start":{"line":1455,"column":12},"end":{"line":1455,"column":53195}},"305":{"start":{"line":1467,"column":8},"end":{"line":1467,"column":53621}},"306":{"start":{"line":1476,"column":8},"end":{"line":1476,"column":72}},"307":{"start":{"line":1480,"column":8},"end":{"line":1480,"column":63}},"308":{"start":{"line":1482,"column":8},"end":{"line":1482,"column":41}},"309":{"start":{"line":1494,"column":8},"end":{"line":1494,"column":58}},"310":{"start":{"line":1502,"column":8},"end":{"line":1502,"column":41}},"311":{"start":{"line":1503,"column":8},"end":{"line":1503,"column":72}},"312":{"start":{"line":1504,"column":8},"end":{"line":1504,"column":54770}},"313":{"start":{"line":1508,"column":8},"end":{"line":1508,"column":54875}},"314":{"start":{"line":1516,"column":8},"end":{"line":1516,"column":58}},"315":{"start":{"line":1518,"column":8},"end":{"line":1518,"column":55250}},"316":{"start":{"line":1521,"column":12},"end":{"line":1521,"column":24}},"317":{"start":{"line":1525,"column":8},"end":{"line":1525,"column":55424}},"318":{"start":{"line":1526,"column":12},"end":{"line":1526,"column":55483}},"319":{"start":{"line":1533,"column":16},"end":{"line":1533,"column":28}},"320":{"start":{"line":1538,"column":8},"end":{"line":1538,"column":55810}},"321":{"start":{"line":1539,"column":12},"end":{"line":1539,"column":24}},"322":{"start":{"line":1544,"column":8},"end":{"line":1544,"column":55982}},"323":{"start":{"line":1548,"column":8},"end":{"line":1548,"column":56132}},"324":{"start":{"line":1549,"column":12},"end":{"line":1549,"column":24}},"325":{"start":{"line":1551,"column":8},"end":{"line":1551,"column":56243}},"326":{"start":{"line":1552,"column":12},"end":{"line":1552,"column":24}},"327":{"start":{"line":1556,"column":8},"end":{"line":1556,"column":56402}},"328":{"start":{"line":1557,"column":12},"end":{"line":1557,"column":24}},"329":{"start":{"line":1560,"column":8},"end":{"line":1560,"column":19}},"330":{"start":{"line":1566,"column":8},"end":{"line":1566,"column":56637}},"331":{"start":{"line":1579,"column":8},"end":{"line":1579,"column":72}},"332":{"start":{"line":1588,"column":8},"end":{"line":1588,"column":57249}},"333":{"start":{"line":1593,"column":8},"end":{"line":1593,"column":57385}},"334":{"start":{"line":1596,"column":8},"end":{"line":1596,"column":78}},"335":{"start":{"line":1598,"column":8},"end":{"line":1598,"column":57588}},"336":{"start":{"line":1603,"column":8},"end":{"line":1603,"column":60}},"337":{"start":{"line":1606,"column":8},"end":{"line":1606,"column":57829}},"338":{"start":{"line":1616,"column":8},"end":{"line":1616,"column":78}},"339":{"start":{"line":1617,"column":8},"end":{"line":1617,"column":58182}},"340":{"start":{"line":1621,"column":8},"end":{"line":1621,"column":47}},"341":{"start":{"line":1623,"column":8},"end":{"line":1623,"column":61}},"342":{"start":{"line":1625,"column":8}
[...]
ne":62,"column":4}}},"10":{"name":"ArchiveCompetition","line":64,"loc":{"start":{"line":64,"column":4},"end":{"line":69,"column":4}}},"11":{"name":"_cancelCompetition","line":71,"loc":{"start":{"line":71,"column":4},"end":{"line":73,"column":4}}},"12":{"name":"CancelCompetition","line":75,"loc":{"start":{"line":75,"column":4},"end":{"line":77,"column":4}}},"13":{"name":"_getMatchDisputeArbitrators","line":86,"loc":{"start":{"line":86,"column":4},"end":{"line":91,"column":4}}},"14":{"name":"MatchDisputeCreate","line":93,"loc":{"start":{"line":93,"column":4},"end":{"line":98,"column":4}}}},"statementMap":{"1":{"start":{"line":21,"column":8},"end":{"line":21,"column":60}},"2":{"start":{"line":26,"column":8},"end":{"line":26,"column":41}},"3":{"start":{"line":30,"column":8},"end":{"line":30,"column":47}},"4":{"start":{"line":34,"column":8},"end":{"line":34,"column":41}},"5":{"start":{"line":41,"column":8},"end":{"line":41,"column":46}},"6":{"start":{"line":47,"column":8},"end":{"line":47,"column":45}},"7":{"start":{"line":51,"column":8},"end":{"line":51,"column":47}},"8":{"start":{"line":57,"column":8},"end":{"line":57,"column":54}},"9":{"start":{"line":61,"column":8},"end":{"line":61,"column":59}},"10":{"start":{"line":68,"column":8},"end":{"line":68,"column":60}},"11":{"start":{"line":72,"column":8},"end":{"line":72,"column":52}},"12":{"start":{"line":76,"column":8},"end":{"line":76,"column":51}},"13":{"start":{"line":90,"column":8},"end":{"line":90,"column":73}},"14":{"start":{"line":97,"column":8},"end":{"line":97,"column":65}}},"branchMap":{}},"contracts/ourkade/ourkadeLogicContract/ourkadeGame.sol":{"l":{"25":0,"30":0,"34":0,"38":0,"46":0,"52":0,"56":0,"62":0},"path":"/home/mayank/Desktop/orkade /contracts/ourkade/ourkadeLogicContract/ourkadeGame.sol","s":{"1":0,"2":0,"3":0,"4":0,"5":0,"6":0,"7":0,"8":0},"b":{},"f":{"1":0,"2":0,"3":0,"4":0,"5":0,"6":0,"7":0,"8":0},"fnMap":{"1":{"name":"_createGameDefinition","line":21,"loc":{"start":{"line":21,"column":4},"end":{"line":26,"column":4}}},"2":{"name":"_removeGameDefinition","line":28,"loc":{"start":{"line":28,"column":4},"end":{"line":31,"column":4}}},"3":{"name":"checkGameDefinition","line":33,"loc":{"start":{"line":33,"column":4},"end":{"line":35,"column":4}}},"4":{"name":"_verifyGameDefinition","line":37,"loc":{"start":{"line":37,"column":4},"end":{"line":39,"column":4}}},"5":{"name":"_getGameDefinition","line":41,"loc":{"start":{"line":41,"column":4},"end":{"line":47,"column":4}}},"6":{"name":"getGameDefinition","line":49,"loc":{"start":{"line":49,"column":4},"end":{"line":53,"column":4}}},"7":{"name":"getGameDefinitionCount","line":55,"loc":{"start":{"line":55,"column":4},"end":{"line":57,"column":4}}},"8":{"name":"getGameDefinitionAtIndex","line":59,"loc":{"start":{"line":59,"column":4},"end":{"line":63,"column":4}}}},"statementMap":{"1":{"start":{"line":25,"column":8},"end":{"line":25,"column":53}},"2":{"start":{"line":30,"column":8},"end":{"line":30,"column":44}},"3":{"start":{"line":34,"column":8},"end":{"line":34,"column":50}},"4":{"start":{"line":38,"column":8},"end":{"line":38,"column":44}},"5":{"start":{"line":46,"column":8},"end":{"line":46,"column":49}},"6":{"start":{"line":52,"column":8},"end":{"line":52,"column":48}},"7":{"start":{"line":56,"column":8},"end":{"line":56,"column":50}},"8":{"start":{"line":62,"column":8},"end":{"line":62,"column":57}}},"branchMap":{}},"contracts/ourkade/ourkadeLogicContract/ourkadeHelper.sol":{"l":{"10":0,"16":0,"21":0,"27":0,"37":0,"43":0,"49":0,"55":0},"path":"/home/mayank/Desktop/orkade /contracts/ourkade/ourkadeLogicContract/ourkadeHelper.sol","s":{"1":0,"2":0,"3":0,"4":0,"5":0,"6":0,"7":0,"8":0},"b":{},"f":{"1":0,"2":0,"3":0,"4":0,"5":0,"6":0,"7":0,"8":0},"fnMap":{"1":{"name":"bytes32ToAddress","line":9,"loc":{"start":{"line":9,"column":4},"end":{"line":11,"column":4}}},"2":{"name":"addressNumberToBytes32","line":13,"loc":{"start":{"line":13,"column":5},"end":{"line":17,"column":4}}},"3":{"name":"addressToBytes32","line":20,"loc":{"start":{"line":20,"column":4},"end":{"line":22,"column":4}}},"4":{"name":"addressDataToBytes32","line":24,"loc":{"start":{"line":24,"column":4},"end":{"line":28,"column":4}}},"5":{"name":"createMatchDisputeId","line":33,"loc":{"start":{"line":33,"column":4},"end":{"line":38,"column":4}}},"6":{"name":"_competitionIdToOwner","line":40,"loc":{"start":{"line":40,"column":4},"end":{"line":44,"column":4}}},"7":{"name":"bytes32ToAddressNumber","line":46,"loc":{"start":{"line":46,"column":4},"end":{"line":50,"column":4}}},"8":{"name":"bytes32ToAddressData","line":52,"loc":{"start":{"line":52,"column":4},"end":{"line":56,"column":4}}}},"statementMap":{"1":{"start":{"line":10,"column":8},"end":{"line":10,"column":45}},"2":{"start":{"line":16,"column":8},"end":{"line":16,"column":52}},"3":{"start":{"line":21,"column":8},"end":{"line":21,"column":45}},"4":{"start":{"line":27,"column":8},"end":{"line":27,"column":50}},"5":{"start":{"line":37,"column":8},"end":{"line":37,"column":75}},"6":{"start":{"line":43,"column":8},"end":{"line":43,"column":63}},"7":{"start":{"line":49,"column":8},"end":{"line":49,"column":69}},"8":{"start":{"line":55,"column":8},"end":{"line":55,"column":59}}},"branchMap":{}},"contracts/ourkade/ourkadeLogicContract/ourkadeNode.sol":{"l":{"13":0,"17":0,"24":0,"28":0,"35":0,"39":0,"46":0,"50":1,"54":7,"78":0,"87":0,"91":0,"99":0,"112":5,"117":7,"124":15,"130":5,"134":0},"path":"/home/mayank/Desktop/orkade /contracts/ourkade/ourkadeLogicContract/ourkadeNode.sol","s":{"1":0,"2":0,"3":0,"4":0,"5":0,"6":0,"7":0,"8":1,"9":7,"10":0,"11":0,"12":0,"13":0,"14":5,"15":7,"16":15,"17":5,"18":0},"b":{},"f":{"1":0,"2":0,"3":0,"4":0,"5":0,"6":0,"7":0,"8":1,"9":7,"10":0,"11":0,"12":0,"13":0,"14":5,"15":7,"16":15,"17":5,"18":0},"fnMap":{"1":{"name":"_createNodeInfo","line":12,"loc":{"start":{"line":12,"column":4},"end":{"line":14,"column":4}}},"2":{"name":"_nodeStakeQueueTier","line":16,"loc":{"start":{"line":16,"column":4},"end":{"line":18,"column":4}}},"3":{"name":"_nodeUnstakeQueueTier","line":20,"loc":{"start":{"line":20,"column":4},"end":{"line":25,"column":4}}},"4":{"name":"_removeNodeInfo","line":27,"loc":{"start":{"line":27,"column":4},"end":{"line":29,"column":4}}},"5":{"name":"checkNodeInfo","line":31,"loc":{"start":{"line":31,"column":4},"end":{"line":36,"column":4}}},"6":{"name":"_verifyNodeInfo","line":38,"loc":{"start":{"line":38,"column":4},"end":{"line":40,"column":4}}},"7":{"name":"_getNodeInfo","line":42,"loc":{"start":{"line":42,"column":4},"end":{"line":47,"column":4}}},"8":{"name":"GetNodeInfoCount","line":49,"loc":{"start":{"line":49,"column":4},"end":{"line":51,"column":4}}},"9":{"name":"GetNodeIdAtIndex","line":53,"loc":{"start":{"line":53,"column":4},"end":{"line":55,"column":4}}},"10":{"name":"_nodeQueueTurns","line":70,"loc":{"start":{"line":70,"column":4},"end":{"line":79,"column":4}}},"11":{"name":"_nodeQueueLeave","line":86,"loc":{"start":{"line":86,"column":4},"end":{"line":88,"column":4}}},"12":{"name":"_nodeQueueCompact","line":90,"loc":{"start":{"line":90,"column":4},"end":{"line":92,"column":4}}},"13":{"name":"GetNodeQueueIds","line":96,"loc":{"start":{"line":96,"column":4},"end":{"line":100,"column":4}}},"14":{"name":"NodeQueueGetEntries","line":107,"loc":{"start":{"line":107,"column":4},"end":{"line":114,"column":4}}},"15":{"name":"NodeQueueGetLength","line":116,"loc":{"start":{"line":116,"column":4},"end":{"line":118,"column":4}}},"16":{"name":"GetNodeInfo","line":120,"loc":{"start":{"line":120,"column":4},"end":{"line":125,"column":4}}},"17":{"name":"NodeQueueTierGet","line":127,"loc":{"start":{"line":127,"column":4},"end":{"line":131,"column":4}}},"18":{"name":"_nodeStatusOffline","line":133,"loc":{"start":{"line":133,"column":4},"end":{"line":135,"column":4}}}},"statementMap":{"1":{"start":{"line":13,"column":8},"end":{"line":13,"column":50}},"2":{"start":{"line":17,"column":8},"end":{"line":17,"column":59}},"3":{"start":{"line":24,"column":8},"end":{"line":24,"column":61}},"4":{"start":{"line":28,"column":8},"end":{"line":28,"column":50}},"5":{"start":{"line":35,"column":8},"end":{"line":35,"column":52}},"6":{"start":{"line":39,"column":8},"end":{"line":39,"column":46}},"7":{"start":{"line":46,"column":8},"end":{"line":46,"column":51}},"8":{"start":{"line":50,"column":8},"end":{"line":50,"column":44}},"9":{"start":{"line":54,"column":8},"end":{"line":54,"column":49}},"10":{"start":{"line":78,"column":8},"end":{"line":78,"column":65}},"11":{"start":{"line":87,"column":8},"end":{"line":87,"column":46}},"12":{"start":{"line":91,"column":8},"end":{"line":91,"column":37}},"13":{"start":{"line":99,"column":8},"end":{"line":99,"column":49}},"14":{"start":{"line":112,"column":8},"end":{"line":112,"column":3614}},"15":{"start":{"line":117,"column":8},"end":{"line":117,"column":46}},"16":{"start":{"line":124,"column":8},"end":{"line":124,"column":50}},"17":{"start":{"line":130,"column":8},"end":{"line":130,"column":49}},"18":{"start":{"line":134,"column":8},"end":{"line":134,"column":60}}},"branchMap":{}},"contracts/ourkade/ourkadeLogicContract/ourkadePlayer.sol":{"l":{"9":5,"10":5,"18":0,"25":0,"36":0,"46":0,"54":0,"58":0,"62":0,"66":0,"70":0,"74":0,"78":0,"82":0,"88":0,"95":0,"101":0,"110":0,"116":10,"122":0,"126":0,"132":0,"140":0,"147":0,"154":0,"161":0,"165":5,"177":0,"185":0,"192":0,"196":0,"205":6,"212":0,"221":3,"230":0,"234":0,"238":0,"245":0,"252":2,"260":0,"269":0,"276":0,"292":0,"310":0,"317":0,"327":0,"331":0,"335":0,"343":0,"347":0},"path":"/home/mayank/Desktop/orkade /contracts/ourkade/ourkadeLogicContract/ourkadePlayer.sol","s":{"1":5,"2":0,"3":0,"4":0,"5":0,"6":0,"7":0,"8":0,"9":0,"10":0,"11":0,"12":0,"13":0,"14":0,"15":0,"16":0,"17":0,"18":10,"19":0,"20":0,"21":0,"22":0,"23":0,"24":0,"25":0,"26":5,"27":0,"28":0,"29":0,"30":0,"31":6,"32":0,"33":3,"34":0,"35":0,"36":0,"37":0,"38":2,"39":0,"40":0,"41":0,"42":0,"43":0,"44":0,"45":0,"46":0,"47":0,"48":0,"49":0},"b":{"1":[5,0],"2":[5,0]},"f":{"1":5,"2":0,"3":0,"4":0,"5":0,"6":0,"7":0,"8":0,"9":0,"10":0,"11":0,"12":0,"13":0,"14":0,"15":0,"16":0,"17":0,"18":10,"19":0,"20":0,"21":0,"22":0,"23":0,"24":0,"25":0,"26":5,"27":0,"28":0,"29":0,"30":0,"31":0,"32":6,"33":0,"34":3,"35":0,"36":0,"37":0,"38":0,"39":2,"40":0,"41":0,"42":0,"43":0,"44":0,"45":0,"46":0,"47":0,"48":0,"49":0,"50":0},"fnMap":{"1":{"name":"isWallet","line":8,"loc":{"start":{"line":8,"column":4},"end":{"line":11,"column":4}}},"2":{"name":"NextCompetitionNonce","line":17,"loc":{"start":{"line":17,"column":4},"end":{"line":19,"column":4}}},"3":{"name":"_checkCompetitionPlayerHasNoMatches","line":21,"loc":{"start":{"line":21,"column":4},"end":{"line":30,"column":4}}},"4":{"name":"_countCompetitionPlayerMatches","line":32,"loc":{"start":{"line":32,"column":4},"end":{"line":38,"column":4}}},"5":{"name":"_insertCompetitionPlayerMatch","line":42,"loc":{"start":{"line":42,"column":4},"end":{"line":47,"column":4}}},"6":{"name":"_createPlayerProfile","line":53,"loc":{"start":{"line":53,"column":4},"end":{"line":55,"column":4}}},"7":{"name":"_createPlayerProfile","line":57,"loc":{"start":{"line":57,"column":4},"end":{"line":59,"column":4}}},"8":{"name":"_removePlayerProfile","line":61,"loc":{"start":{"line":61,"column":4},"end":{"line":63,"column":4}}},"9":{"name":"_removePlayerProfile","line":65,"loc":{"start":{"line":65,"column":4},"end":{"line":67,"column":4}}},"10":{"name":"checkPlayerProfile","line":69,"loc":{"start":{"line":69,"column":4},"end":{"line":71,"column":4}}},"11":{"name":"checkPlayerProfile","line":73,"loc":{"start":{"line":73,"column":4},"end":{"line":75,"column":4}}},"12":{"name":"_verifyPlayerProfile","line":77,"loc":{"start":{"line":77,"column":4},"end":{"line":79,"column":4}}},"13":{"name":"_verifyPlayerProfile","line":81,"loc":{"start":{"line":81,"column":4},"end":{"line":83,"column":4}}},"14":{"name":"_getPlayerProfile","line":85,"loc":{"start":{"line":85,"column":4},"end":{"line":89,"column":4}}},"15":{"name":"_getPlayerProfile","line":91,"loc":{"start":{"line":91,"column":4},"end":{"line":96,"column":4}}},"16":{"name":"_getPlayerProfile","line":98,"loc":{"start":{"line":98,"column":4},"end":{"line":102,"column":4}}},"17":{"name":"_getPlayerProfile","line":104,"loc":{"start":{"line":104,"column":4},"end":{"line":111,"column":4}}},"18":{"name":"GetPlayerProfile","line":113,"loc":{"start":{"line":113,"column":4},"end":{"line":117,"column":4}}},"19":{"name":"GetPlayerProfile","line":119,"loc":{"start":{"line":119,"column":4},"end":{"line":123,"column":4}}},"20":{"name":"GetPlayerProfileCount","line":125,"loc":{"start":{"line":125,"column":4},"end":{"line":127,"column":4}}},"21":{"name":"GetPlayerProfileAtIndex","line":129,"loc":{"start":{"line":129,"column":4},"end":{"line":133,"column":4}}},"22":{"name":"_addPlayerGameScore","line":135,"loc":{"start":{"line":135,"column":4},"end":{"line":141,"column":4}}},"23":{"name":"_calculatePlayerGameElo","line":143,"loc":{"start":{"line":143,"column":4},"end":{"line":148,"column":4}}},"24":{"name":"_getPlayerElo","line":150,"loc":{"start":{"line":150,"column":4},"end":{"line":155,"column":4}}},"25":{"name":"_getPlayerGameRank","line":157,"loc":{"start":{"line":157,"column":4},"end":{"line":162,"column":4}}},"26":{"name":"CreateProfile","line":164,"loc":{"start":{"line":164,"column":4},"end":{"line":166,"column":4}}},"27":{"name":"HasAnotherMatch","line":169,"loc":{"start":{"line":169,"column":4},"end":{"line":172,"column":35}}},"28":{"name":"HasAnotherMatch","line":174,"loc":{"start":{"line":174,"column":4},"end":{"line":178,"column":4}}},"29":{"name":"CanJoinCompetition","line":180,"loc":{"start":{"line":180,"column":4},"end":{"line":187,"column":4}}},"30":{"name":"_createDraftMatch","line":189,"loc":{"start":{"line":189,"column":4},"end":{"line":193,"column":4}}},"31":{"name":"_deductTickets","line":195,"loc":{"start":{"line":195,"column":4},"end":{"line":197,"column":4}}},"32":{"name":"RegisterForMatch","line":201,"loc":{"start":{"line":201,"column":4},"end":{"line":206,"column":4}}},"33":{"name":"_getSortedScores","line":208,"loc":{"start":{"line":208,"column":4},"end":{"line":213,"column":4}}},"34":{"name":"SubmitMatch","line":216,"loc":{"start":{"line":216,"column":4},"end":{"line":223,"column":4}}},"35":{"name":"_calculateLoyalty","line":225,"loc":{"start":{"line":225,"column":4},"end":{"line":231,"column":4}}},"36":{"name":"_addPlayerLoyalty","line":233,"loc":{"start":{"line":233,"column":4},"end":{"line":235,"column":4}}},"37":{"name":"_addPlayerReputation","line":237,"loc":{"start":{"line":237,"column":4},"end":{"line":239,"column":4}}},"38":{"name":"_calculateIdleReputationLoss","line":241,"loc":{"start":{"line":241,"column":4},"end":{"line":246,"column":4}}},"39":{"name":"ScoreCompetition","line":248,"loc":{"start":{"line":248,"column":4},"end":{"line":253,"column":4}}},"40":{"name":"_calculatePenalty","line":255,"loc":{"start":{"line":255,"column":4},"end":{"line":266,"column":4}}},"41":{"name":"_nodeQueueJoin","line":268,"loc":{"start":{"line":268,"column":4},"end":{"line":270,"column":4}}},"42":{"name":"MatchDisputeCalculateStatus","line":272,"loc":{"start":{"line":272,"column":4},"end":{"line":278,"column":4}}},"43":{"name":"MatchDisputeResolve","line":287,"loc":{"start":{"line":287,"column":4},"end":{"line":297,"column":4}}},"44":{"name":"_playerRepNodeEarning","line":307,"loc":{"start":{"line":307,"column":4},"end":{"line":311,"column":4}}},"45":{"name":"_playerRepLoyaltyMultiplier","line":314,"loc":{"start":{"line":314,"column":4},"end":{"line":318,"column":4}}},"46":{"name":"_playerRepFlag","line":326,"loc":{"start":{"line":326,"column":4},"end":{"line":328,"column":4}}},"47":{"name":"_playerRepVote","line":330,"loc":{"start":{"line":330,"column":4},"end":{"line":332,"column":4}}},"48":{"name":"_playerRepBuyNode","line":334,"loc":{"start":{"line":334,"column":4},"end":{"line":336,"column":4}}},"49":{"name":"_playerRepUpdate","line":342,"loc":{"start":{"line":342,"column":4},"end":{"line":344,"column":4}}},"50":{"name":"_getDay","line":346,"loc":{"start":{"line":346,"column":4},"end":{"line":348,"column":4}}}},"statementMap":{"1":{"start":{"line":9,"column":8},"end":{"line":9,"column":55}},"2":{"start":{"line":18,"column":8},"end":{"line":18,"column":55}},"3":{"start":{"line":25,"column":8},"end":{"line":25,"column":678}},"4":{"start":{"line":36,"column":8},"end":{"line":36,"column":1034}},"5":{"start":{"line":46,"column":8},"end":{"line":46,"column":71}},"6":{"start":{"line":54,"column":8},"end":{"line":54,"column":43}},"7":{"start":{"line":58,"column":8},"end":{"line":58,"column":43}},"8":{"start":{"line":62,"column":8},"end":{"line":62,"column":43}},"9":{"start":{"line":66,"column":8},"end":{"line":66,"column":43}},"10":{"start":{"line":70,"column":8},"end":{"line":70,"column":49}},"11":{"start":{"line":74,"column":8},"end":{"line":74,"column":49}},"12":{"start":{"line":78,"column":8},"end":{"line":78,"column":43}},"13":{"start":{"line":82,"column":8},"end":{"line":82,"column":43}},"14":{"start":{"line":88,"column":8},"end":{"line":88,"column":48}},"15":{"start":{"line":95,"column":8},"end":{"line":95,"column":61}},"16":{"start":{"line":101,"column":8},"end":{"line":101,"column":48}},"17":{"start":{"line":110,"column":8},"end":{"line":110,"column":72}},"18":{"start":{"line":116,"column":8},"end":{"line":116,"column":47}},"19":{"start":{"line":122,"column":8},"end":{"line":122,"column":47}},"20":{"start":{"line":126,"column":8},"end":{"line":126,"column":49}},"21":{"start":{"line":132,"column":8},"end":{"line":132,"column":56}},"22":{"start":{"line":140,"column":8},"end":{"line":140,"column":74}},"23":{"start":{"line":147,"column":8},"end":{"line":147,"column":75}},"24":{"start":{"line":154,"column":8},"end":{"line":154,"column":65}},"25":{"start":{"line":161,"column":8},"end":{"line":161,"column":70}},"26":{"start":{"line":165,"column":8},"end":{"line":165,"column":33}},"27":{"start":{"line":177,"column":8},"end":{"line":177,"column":57}},"28":{"start":{"line":185,"column":8},"end":{"line":185,"column":5276}},"29":{"start":{"line":192,"column":8},"end":{"line":192,"column":51}},"30":{"start":{"line":196,"column":8},"end":{"line":196,"column":51}},"31":{"start":{"line":205,"column":8},"end":{"line":205,"column":63}},"32":{"start":{"line":212,"column":8},"end":{"line":212,"column":66}},"33":{"start":{"line":221,"column":8},"end":{"line":221,"column":63}},"34":{"start":{"line":230,"column":8},"end":{"line":230,"column":78}},"35":{"start":{"line":234,"column":8},"end":{"line":234,"column":57}},"36":{"start":{"line":238,"column":8},"end":{"line":238,"column":53}},"37":{"start":{"line":245,"column":8},"end":{"line":245,"column":75}},"38":{"start":{"line":252,"column":8},"end":{"line":252,"column":63}},"39":{"start":{"line":260,"column":8},"end":{"line":260,"column":7492}},"40":{"start":{"line":269,"column":8},"end":{"line":269,"column":45}},"41":{"start":{"line":276,"column":8},"end":{"line":276,"column":8000}},"42":{"start":{"line":292,"column":8},"end":{"line":292,"column":8652}},"43":{"start":{"line":310,"column":8},"end":{"line":310,"column":60}},"44":{"start":{"line":317,"column":8},"end":{"line":317,"column":66}},"45":{"start":{"line":327,"column":8},"end":{"line":327,"column":54}},"46":{"start":{"line":331,"column":8},"end":{"line":331,"column":54}},"47":{"start":{"line":335,"column":8},"end":{"line":335,"column":48}},"48":{"start":{"line":343,"column":8},"end":{"line":343,"column":44}},"49":{"start":{"line":347,"column":8},"end":{"line":347,"column":35}}},"branchMap":{"1":{"line":9,"type":"if","locations":[{"start":{"line":9,"column":8},"end":{"line":9,"column":8}},{"start":{"line":9,"column":8},"end":{"line":9,"column":8}}]},"2":{"line":164,"type":"if","locations":[{"start":{"line":164,"column":36},"end":{"line":164,"column":36}},{"start":{"line":164,"column":36},"end":{"line":164,"column":36}}]}}},"contracts/ourkade/Types.sol":{"l":{},"path":"/home/mayank/Desktop/orkade /contracts/ourkade/Types.sol","s":{},"b":{},"f":{},"fnMap":{},"statementMap":{},"branchMap":{}}}